using autotuned alpha, starting with [0.10000000000000001, 0.10000000000000001, 0.10000000000000001, 0.10000000000000001, 0.10000000000000001, 0.10000000000000001, 0.10000000000000001, 0.10000000000000001, 0.10000000000000001, 0.10000000000000001]
using autotuned eta, starting with [0.10000000000000001, 0.10000000000000001, 0.10000000000000001, 0.10000000000000001, 0.10000000000000001, 0.10000000000000001, 0.10000000000000001, 0.10000000000000001, 0.10000000000000001, 0.10000000000000001]
using serial LDA version on this node
running online LDA training, 10 topics, 50 passes over the supplied corpus of 1430 documents, updating model once every 1430 documents, evaluating perplexity every 1430 documents, iterating 200x with a convergence threshold of 0.001000
-4.920 per-word bound, 30.3 perplexity estimate based on a held-out corpus of 1430 documents with 8590 words
PROGRESS: pass 0, at document #1430/1430
optimized alpha [0.093551221317976371, 0.084995116271064888, 0.08498094449308502, 0.088065070329056583, 0.08909700612359335, 0.087676465500838116, 0.084334489858619119, 0.10717582956900569, 0.078880216235928835, 0.082469063254360847]
topic #8 (0.079): 0.144*Hbb-y + 0.119*Meis1 + 0.119*Sfpi1 + 0.085*Gata2 + 0.085*Vwf + 0.068*Kit + 0.051*Cd52 + 0.043*Mpl + 0.043*Mcl1 + 0.035*Hlf
topic #9 (0.082): 0.193*Gata2 + 0.122*Mpl + 0.102*Hlf + 0.071*Zfpm1 + 0.071*Meis1 + 0.068*Tcf3 + 0.062*Sfpi1 + 0.048*Hbb-y + 0.046*Ly6a + 0.043*Csf3r
topic #4 (0.089): 0.219*Meis1 + 0.077*Hbb-b1 + 0.072*Gfi1b + 0.069*Gata2 + 0.059*Mcl1 + 0.056*Zfpm1 + 0.053*Kit + 0.053*Sfpi1 + 0.044*Hlf + 0.038*Mpl
topic #0 (0.094): 0.195*Hbb-b1 + 0.175*Kit + 0.106*Gata2 + 0.084*Mcl1 + 0.080*Hlf + 0.072*Mpl + 0.030*Zfpm1 + 0.029*Ptprc + 0.027*Gfi1b + 0.027*Sfpi1
topic #7 (0.107): 0.162*Gata2 + 0.136*Hlf + 0.110*Zfpm1 + 0.082*Gfi1b + 0.071*Kit + 0.056*Mpl + 0.043*Tcf3 + 0.039*Meis1 + 0.038*Hbb-b1 + 0.032*Vwf
topic diff=3.815981, rho=1.000000
optimized eta [0.16972299975613825, 0.14689282239001977, 0.14998053098533842, 0.15902280390544382, 0.16519012632034485, 0.16525574173970989, 0.15819974241120152, 0.18187592818488824, 0.12056831785458753, 0.14699416591492886]
-3.306 per-word bound, 9.9 perplexity estimate based on a held-out corpus of 1430 documents with 8590 words
PROGRESS: pass 1, at document #1430/1430
optimized alpha [0.089102119200505869, 0.083167591000470498, 0.081631677557981577, 0.082389884451529699, 0.085034212183292435, 0.084236677161292114, 0.079507660912098613, 0.10277789526323819, 0.073038854427576627, 0.080606989145734567]
topic #8 (0.073): 0.167*Vwf + 0.145*Hbb-y + 0.130*Sfpi1 + 0.087*Meis1 + 0.067*Gata2 + 0.067*Cd52 + 0.066*Kit + 0.046*Mcl1 + 0.039*Mpl + 0.038*Hlf
topic #6 (0.080): 0.741*Hbb-b1 + 0.048*Mpl + 0.034*Gata2 + 0.018*Kit + 0.016*Zfpm1 + 0.012*Sdpr + 0.012*Gfi1b + 0.012*Itga2b + 0.010*Meis1 + 0.009*Hlf
topic #4 (0.085): 0.257*Meis1 + 0.087*Gfi1b + 0.065*Gata2 + 0.063*Mcl1 + 0.049*Hbb-b1 + 0.049*Kit + 0.048*Zfpm1 + 0.044*Itga2b + 0.042*Sfpi1 + 0.039*Hlf
topic #0 (0.089): 0.222*Kit + 0.146*Hbb-b1 + 0.103*Gata2 + 0.092*Mcl1 + 0.082*Mpl + 0.080*Hlf + 0.035*Ptprc + 0.026*Sfpi1 + 0.026*Zfpm1 + 0.025*Gfi1b
topic #7 (0.103): 0.180*Gata2 + 0.136*Hlf + 0.109*Gfi1b + 0.103*Zfpm1 + 0.074*Kit + 0.053*Mpl + 0.041*Tcf3 + 0.038*Meis1 + 0.033*Vwf + 0.026*Hbb-b1
topic diff=0.977867, rho=0.577350
optimized eta [0.22771083180528512, 0.1845139230737371, 0.18809045136151503, 0.20620448193422236, 0.21824182250724464, 0.22228598795909046, 0.20116421831645392, 0.25868958309649231, 0.13576163715447842, 0.18303235661893519]
-3.247 per-word bound, 9.5 perplexity estimate based on a held-out corpus of 1430 documents with 8590 words
PROGRESS: pass 2, at document #1430/1430
optimized alpha [0.086149707114509283, 0.08276604702653878, 0.079928850480440322, 0.078531382165859559, 0.082490407355906029, 0.081911937636328314, 0.07654395020452856, 0.098572349519379293, 0.069514270509251033, 0.081479302333981651]
topic #8 (0.070): 0.219*Vwf + 0.133*Hbb-y + 0.131*Sfpi1 + 0.073*Cd52 + 0.069*Meis1 + 0.062*Kit + 0.059*Gata2 + 0.052*Mcl1 + 0.038*Hlf + 0.035*Mpl
topic #6 (0.077): 0.807*Hbb-b1 + 0.031*Mpl + 0.025*Gata2 + 0.013*Kit + 0.012*Zfpm1 + 0.012*Gfi1b + 0.010*Sdpr + 0.008*Itga2b + 0.008*Hlf + 0.008*Meis1
topic #1 (0.083): 0.244*Hlf + 0.129*Zfpm1 + 0.074*Meis1 + 0.064*Kit + 0.059*Csf2ra + 0.059*Mcl1 + 0.059*Ikzf1 + 0.054*Gata2 + 0.046*Csf1r + 0.040*Mpl
topic #0 (0.086): 0.259*Kit + 0.117*Hbb-b1 + 0.099*Mcl1 + 0.098*Gata2 + 0.087*Mpl + 0.078*Hlf + 0.040*Ptprc + 0.024*Sfpi1 + 0.024*Zfpm1 + 0.024*Gfi1b
topic #7 (0.099): 0.190*Gata2 + 0.139*Gfi1b + 0.132*Hlf + 0.098*Zfpm1 + 0.076*Kit + 0.050*Mpl + 0.036*Meis1 + 0.036*Tcf3 + 0.031*Vwf + 0.027*Sdpr
topic diff=0.507283, rho=0.500000
optimized eta [0.28226835267654704, 0.22109611022833317, 0.22352869659371993, 0.25113592170156973, 0.26763698861857355, 0.28067717093973787, 0.23738880113629884, 0.33619084936650506, 0.14958417691303189, 0.21727420013350987]
-3.225 per-word bound, 9.4 perplexity estimate based on a held-out corpus of 1430 documents with 8590 words
PROGRESS: pass 3, at document #1430/1430
optimized alpha [0.084568490484237493, 0.082884493726043437, 0.07906590039154604, 0.075378887147575638, 0.080663415578929018, 0.080159986847518461, 0.074762519572569686, 0.095292665011068201, 0.067013002743246133, 0.082873050762256054]
topic #8 (0.067): 0.254*Vwf + 0.130*Sfpi1 + 0.129*Hbb-y + 0.078*Cd52 + 0.060*Meis1 + 0.056*Kit + 0.055*Mcl1 + 0.054*Gata2 + 0.036*Hlf + 0.033*Mpl
topic #6 (0.075): 0.842*Hbb-b1 + 0.021*Mpl + 0.020*Gata2 + 0.011*Gfi1b + 0.010*Kit + 0.009*Zfpm1 + 0.008*Sdpr + 0.007*Hlf + 0.007*Itga2b + 0.007*Meis1
topic #1 (0.083): 0.259*Hlf + 0.123*Zfpm1 + 0.072*Meis1 + 0.063*Kit + 0.063*Csf2ra + 0.060*Ikzf1 + 0.060*Mcl1 + 0.052*Gata2 + 0.047*Csf1r + 0.040*Mpl
topic #0 (0.085): 0.297*Kit + 0.104*Mcl1 + 0.093*Hbb-b1 + 0.092*Gata2 + 0.090*Mpl + 0.077*Hlf + 0.044*Ptprc + 0.022*Gfi1b + 0.022*Zfpm1 + 0.022*Sfpi1
topic #7 (0.095): 0.197*Gata2 + 0.163*Gfi1b + 0.128*Hlf + 0.094*Zfpm1 + 0.078*Kit + 0.046*Mpl + 0.036*Meis1 + 0.032*Tcf3 + 0.030*Sdpr + 0.029*Vwf
topic diff=0.355473, rho=0.447214
optimized eta [0.32764777634082209, 0.25394012388701365, 0.25438718699340718, 0.2900517579064974, 0.3088939656733547, 0.33517346037116885, 0.26422214792606791, 0.40376270167611311, 0.16129867464525413, 0.2473822820110925]
-3.216 per-word bound, 9.3 perplexity estimate based on a held-out corpus of 1430 documents with 8590 words
PROGRESS: pass 4, at document #1430/1430
optimized alpha [0.083778661967422466, 0.0833231653688003, 0.078503938186548508, 0.072943401244273412, 0.079355397515797579, 0.079110075482816469, 0.07345176197195892, 0.09282239868199485, 0.06526962183107414, 0.084072835167014526]
topic #8 (0.065): 0.277*Vwf + 0.134*Sfpi1 + 0.124*Hbb-y + 0.080*Cd52 + 0.060*Mcl1 + 0.053*Meis1 + 0.051*Kit + 0.050*Gata2 + 0.035*Hlf + 0.031*Mpl
topic #3 (0.073): 0.157*Kit + 0.116*Hlf + 0.086*Meis1 + 0.086*Flt3 + 0.077*Gata2 + 0.058*Tcf3 + 0.056*Cd52 + 0.043*Zfpm1 + 0.036*Rag1 + 0.036*Sfpi1
topic #0 (0.084): 0.324*Kit + 0.107*Mcl1 + 0.091*Mpl + 0.087*Gata2 + 0.077*Hbb-b1 + 0.076*Hlf + 0.048*Ptprc + 0.020*Sfpi1 + 0.020*Zfpm1 + 0.020*Gfi1b
topic #9 (0.084): 0.211*Mpl + 0.190*Gata2 + 0.139*Hlf + 0.103*Tcf3 + 0.080*Sfpi1 + 0.058*Meis1 + 0.054*Ly6a + 0.045*Csf3r + 0.038*Zfpm1 + 0.011*Sp1
topic #7 (0.093): 0.202*Gata2 + 0.186*Gfi1b + 0.123*Hlf + 0.090*Zfpm1 + 0.077*Kit + 0.044*Mpl + 0.036*Meis1 + 0.030*Sdpr + 0.028*Tcf3 + 0.027*Vwf
topic diff=0.255199, rho=0.408248
optimized eta [0.36113378899372811, 0.28102203328642483, 0.27912626348414266, 0.32051006723258191, 0.33921090524772923, 0.38198600220108825, 0.2811302494959374, 0.4537522504511966, 0.1706512708988252, 0.27165993488823409]
-3.213 per-word bound, 9.3 perplexity estimate based on a held-out corpus of 1430 documents with 8590 words
PROGRESS: pass 5, at document #1430/1430
optimized alpha [0.083628188991681951, 0.083830125119372934, 0.078360921471536921, 0.070885328554191787, 0.078560513658799278, 0.078475975964881081, 0.072514953797390591, 0.090848091130475678, 0.064004316200079847, 0.085270746702778996]
topic #8 (0.064): 0.296*Vwf + 0.132*Sfpi1 + 0.120*Hbb-y + 0.087*Cd52 + 0.066*Mcl1 + 0.047*Gata2 + 0.047*Meis1 + 0.046*Kit + 0.033*Hlf + 0.029*Mpl
topic #3 (0.071): 0.154*Kit + 0.112*Hlf + 0.094*Flt3 + 0.082*Meis1 + 0.076*Gata2 + 0.062*Tcf3 + 0.059*Cd52 + 0.041*Zfpm1 + 0.039*Rag1 + 0.036*Sp1
topic #1 (0.084): 0.282*Hlf + 0.114*Zfpm1 + 0.069*Meis1 + 0.068*Csf2ra + 0.062*Kit + 0.060*Ikzf1 + 0.058*Mcl1 + 0.052*Csf1r + 0.047*Gata2 + 0.039*Mpl
topic #9 (0.085): 0.219*Mpl + 0.180*Gata2 + 0.144*Hlf + 0.108*Tcf3 + 0.083*Sfpi1 + 0.056*Ly6a + 0.054*Meis1 + 0.046*Csf3r + 0.037*Zfpm1 + 0.011*Sp1
topic #7 (0.091): 0.208*Gfi1b + 0.205*Gata2 + 0.119*Hlf + 0.087*Zfpm1 + 0.074*Kit + 0.043*Mpl + 0.036*Meis1 + 0.031*Sdpr + 0.025*Vwf + 0.025*Tcf3
topic diff=0.187421, rho=0.377964
optimized eta [0.38284337397914076, 0.30144247197897084, 0.29752424236876196, 0.34176690667334392, 0.35879795548245869, 0.41900395080468955, 0.28963535067318452, 0.4838354494967676, 0.17762569043756088, 0.28977748403177317]
-3.213 per-word bound, 9.3 perplexity estimate based on a held-out corpus of 1430 documents with 8590 words
PROGRESS: pass 6, at document #1430/1430
optimized alpha [0.08367202490681401, 0.084491957646934374, 0.07856422625309116, 0.069239030417935332, 0.078005396029176499, 0.078414220615042815, 0.071799229363830708, 0.089265370867401231, 0.062980189107984474, 0.086315968682290814]
topic #8 (0.063): 0.312*Vwf + 0.128*Sfpi1 + 0.118*Hbb-y + 0.092*Cd52 + 0.071*Mcl1 + 0.045*Gata2 + 0.043*Meis1 + 0.041*Kit + 0.032*Hlf + 0.028*Mpl
topic #3 (0.069): 0.150*Kit + 0.108*Hlf + 0.099*Flt3 + 0.080*Meis1 + 0.075*Gata2 + 0.065*Tcf3 + 0.060*Cd52 + 0.044*Sp1 + 0.042*Rag1 + 0.038*Zfpm1
topic #1 (0.084): 0.291*Hlf + 0.112*Zfpm1 + 0.070*Csf2ra + 0.067*Meis1 + 0.062*Kit + 0.060*Ikzf1 + 0.056*Mcl1 + 0.053*Csf1r + 0.046*Gata2 + 0.038*Mpl
topic #9 (0.086): 0.226*Mpl + 0.168*Gata2 + 0.146*Hlf + 0.113*Tcf3 + 0.086*Sfpi1 + 0.057*Ly6a + 0.052*Meis1 + 0.047*Csf3r + 0.035*Zfpm1 + 0.011*Sp1
topic #7 (0.089): 0.228*Gfi1b + 0.205*Gata2 + 0.117*Hlf + 0.085*Zfpm1 + 0.072*Kit + 0.042*Mpl + 0.036*Meis1 + 0.029*Sdpr + 0.024*Bmi1 + 0.023*Vwf
topic diff=0.145430, rho=0.353553
optimized eta [0.39411692767305284, 0.31536041026732825, 0.31019645359288028, 0.3547607526731944, 0.36889367310000004, 0.44584257109011138, 0.29172505192984932, 0.49634381942004191, 0.18239601948895587, 0.30179357181309524]
-3.212 per-word bound, 9.3 perplexity estimate based on a held-out corpus of 1430 documents with 8590 words
PROGRESS: pass 7, at document #1430/1430
optimized alpha [0.08397607242092385, 0.085020656982212756, 0.078934382480002091, 0.067853410073140774, 0.077480013153309588, 0.078585169540795349, 0.071326546322043188, 0.088181857648224504, 0.062162762772019285, 0.087497165141491098]
topic #8 (0.062): 0.323*Vwf + 0.129*Sfpi1 + 0.116*Hbb-y + 0.096*Cd52 + 0.076*Mcl1 + 0.043*Gata2 + 0.040*Meis1 + 0.037*Kit + 0.030*Hlf + 0.027*Mpl
topic #3 (0.068): 0.145*Kit + 0.105*Hlf + 0.103*Flt3 + 0.078*Meis1 + 0.074*Gata2 + 0.066*Tcf3 + 0.061*Cd52 + 0.051*Sp1 + 0.044*Rag1 + 0.037*Zfpm1
topic #1 (0.085): 0.299*Hlf + 0.109*Zfpm1 + 0.071*Csf2ra + 0.067*Meis1 + 0.061*Kit + 0.061*Ikzf1 + 0.055*Mcl1 + 0.054*Csf1r + 0.046*Gata2 + 0.038*Mpl
topic #9 (0.087): 0.232*Mpl + 0.160*Gata2 + 0.148*Hlf + 0.118*Tcf3 + 0.087*Sfpi1 + 0.057*Ly6a + 0.050*Meis1 + 0.048*Csf3r + 0.033*Zfpm1 + 0.010*Sp1
topic #7 (0.088): 0.247*Gfi1b + 0.202*Gata2 + 0.115*Hlf + 0.083*Zfpm1 + 0.071*Kit + 0.041*Mpl + 0.035*Meis1 + 0.028*Sdpr + 0.026*Bmi1 + 0.022*Vwf
topic diff=0.113538, rho=0.333333
optimized eta [0.397321912704999, 0.32358528519317836, 0.31804329356282002, 0.3613278908954029, 0.37179777256999014, 0.4634965006953492, 0.28932217001265498, 0.49647169374098232, 0.18527545699869158, 0.30872084254187754]
-3.210 per-word bound, 9.3 perplexity estimate based on a held-out corpus of 1430 documents with 8590 words
PROGRESS: pass 8, at document #1430/1430
optimized alpha [0.084407656637665557, 0.085731983119508401, 0.079310365547367562, 0.066702927891981123, 0.077049667194354299, 0.078985288771112314, 0.071039661361060685, 0.087315560986353805, 0.061441141952676664, 0.088613339361043944]
topic #8 (0.061): 0.332*Vwf + 0.128*Sfpi1 + 0.115*Hbb-y + 0.099*Cd52 + 0.080*Mcl1 + 0.041*Gata2 + 0.039*Meis1 + 0.034*Kit + 0.029*Hlf + 0.026*Mpl
topic #3 (0.067): 0.141*Kit + 0.106*Flt3 + 0.103*Hlf + 0.076*Meis1 + 0.073*Gata2 + 0.067*Tcf3 + 0.063*Cd52 + 0.056*Sp1 + 0.046*Rag1 + 0.036*Sfpi1
topic #1 (0.086): 0.305*Hlf + 0.107*Zfpm1 + 0.071*Csf2ra + 0.066*Meis1 + 0.061*Ikzf1 + 0.061*Kit + 0.054*Csf1r + 0.053*Mcl1 + 0.045*Gata2 + 0.037*Mpl
topic #7 (0.087): 0.266*Gfi1b + 0.199*Gata2 + 0.112*Hlf + 0.081*Zfpm1 + 0.070*Kit + 0.040*Mpl + 0.034*Meis1 + 0.028*Bmi1 + 0.027*Sdpr + 0.021*Vwf
topic #9 (0.089): 0.238*Mpl + 0.151*Gata2 + 0.149*Hlf + 0.121*Tcf3 + 0.089*Sfpi1 + 0.058*Ly6a + 0.050*Csf3r + 0.048*Meis1 + 0.031*Zfpm1 + 0.010*Ptprc
topic diff=0.092566, rho=0.316228
optimized eta [0.39495190108695538, 0.32734045473610052, 0.32197218321226473, 0.3629702939943627, 0.36970421276913301, 0.47359422756572789, 0.28420573134207983, 0.48883197645490944, 0.18659268176395777, 0.31165284693865625]
-3.209 per-word bound, 9.2 perplexity estimate based on a held-out corpus of 1430 documents with 8590 words
PROGRESS: pass 9, at document #1430/1430
optimized alpha [0.085154496744765551, 0.086572312053861983, 0.079802659263454159, 0.065655327746188347, 0.076805486402123105, 0.079545890929177035, 0.070843595596615211, 0.086642278583806256, 0.060833207484913575, 0.089808767139056861]
topic #8 (0.061): 0.341*Vwf + 0.128*Sfpi1 + 0.114*Hbb-y + 0.100*Cd52 + 0.085*Mcl1 + 0.038*Gata2 + 0.037*Meis1 + 0.030*Kit + 0.027*Hlf + 0.025*Mpl
topic #3 (0.066): 0.136*Kit + 0.110*Flt3 + 0.101*Hlf + 0.074*Meis1 + 0.071*Gata2 + 0.066*Tcf3 + 0.065*Cd52 + 0.061*Sp1 + 0.050*Rag1 + 0.037*Sfpi1
topic #1 (0.087): 0.312*Hlf + 0.105*Zfpm1 + 0.071*Csf2ra + 0.066*Meis1 + 0.062*Ikzf1 + 0.060*Kit + 0.055*Csf1r + 0.052*Mcl1 + 0.045*Gata2 + 0.036*Mpl
topic #7 (0.087): 0.285*Gfi1b + 0.196*Gata2 + 0.109*Hlf + 0.079*Zfpm1 + 0.067*Kit + 0.040*Mpl + 0.033*Meis1 + 0.030*Bmi1 + 0.025*Sdpr + 0.020*Vwf
topic #9 (0.090): 0.242*Mpl + 0.151*Hlf + 0.145*Gata2 + 0.126*Tcf3 + 0.090*Sfpi1 + 0.058*Ly6a + 0.050*Csf3r + 0.047*Meis1 + 0.029*Zfpm1 + 0.010*Ptprc
topic diff=0.080667, rho=0.301511
optimized eta [0.38907249104529223, 0.32783754751917465, 0.32289255586380061, 0.36099534844308345, 0.36446356682784198, 0.47779523905647431, 0.27753235308461544, 0.4762062621217425, 0.18667169211526968, 0.31164635017097464]
-3.207 per-word bound, 9.2 perplexity estimate based on a held-out corpus of 1430 documents with 8590 words
PROGRESS: pass 10, at document #1430/1430
optimized alpha [0.085953763342780404, 0.087364864382127302, 0.080381443131057884, 0.064780906378279796, 0.076657291067305899, 0.080212322965310848, 0.07070692725080939, 0.086070715650514745, 0.060361653418266561, 0.090950632625167116]
topic #8 (0.060): 0.349*Vwf + 0.130*Sfpi1 + 0.114*Hbb-y + 0.102*Cd52 + 0.088*Mcl1 + 0.036*Gata2 + 0.035*Meis1 + 0.027*Kit + 0.025*Hlf + 0.025*Mpl
topic #3 (0.065): 0.131*Kit + 0.112*Flt3 + 0.099*Hlf + 0.073*Meis1 + 0.069*Gata2 + 0.067*Cd52 + 0.066*Tcf3 + 0.065*Sp1 + 0.052*Rag1 + 0.038*Sfpi1
topic #7 (0.086): 0.302*Gfi1b + 0.192*Gata2 + 0.107*Hlf + 0.077*Zfpm1 + 0.065*Kit + 0.039*Mpl + 0.032*Bmi1 + 0.031*Meis1 + 0.023*Sdpr + 0.019*Vwf
topic #1 (0.087): 0.318*Hlf + 0.103*Zfpm1 + 0.072*Csf2ra + 0.065*Meis1 + 0.062*Ikzf1 + 0.058*Kit + 0.055*Csf1r + 0.050*Mcl1 + 0.045*Gata2 + 0.036*Mpl
topic #9 (0.091): 0.246*Mpl + 0.153*Hlf + 0.140*Gata2 + 0.129*Tcf3 + 0.091*Sfpi1 + 0.058*Ly6a + 0.051*Csf3r + 0.046*Meis1 + 0.028*Zfpm1 + 0.010*Ptprc
topic diff=0.073506, rho=0.288675
optimized eta [0.38107718138923274, 0.32587834676830146, 0.32166626025273931, 0.35678397012363527, 0.35730581589914817, 0.4776499213761834, 0.27011966792551223, 0.46126666065871225, 0.18580428407206739, 0.30952848180028691]
-3.206 per-word bound, 9.2 perplexity estimate based on a held-out corpus of 1430 documents with 8590 words
PROGRESS: pass 11, at document #1430/1430
optimized alpha [0.0869034213132866, 0.088213916440543327, 0.081029847030450811, 0.063986210606919003, 0.076728019537347439, 0.080908538537948285, 0.070641177867723642, 0.085657988862138906, 0.059944246698726777, 0.092236983534481065]
topic #8 (0.060): 0.356*Vwf + 0.129*Sfpi1 + 0.114*Hbb-y + 0.105*Cd52 + 0.091*Mcl1 + 0.034*Gata2 + 0.033*Meis1 + 0.024*Mpl + 0.024*Hlf + 0.024*Kit
topic #3 (0.064): 0.127*Kit + 0.115*Flt3 + 0.098*Hlf + 0.071*Meis1 + 0.069*Sp1 + 0.068*Cd52 + 0.067*Gata2 + 0.067*Tcf3 + 0.055*Rag1 + 0.039*Hk3
topic #0 (0.087): 0.417*Kit + 0.131*Mcl1 + 0.094*Mpl + 0.077*Gata2 + 0.074*Hlf + 0.060*Ptprc + 0.023*Hbb-b1 + 0.016*Sfpi1 + 0.016*Ikzf1 + 0.014*Slamf1
topic #1 (0.088): 0.325*Hlf + 0.102*Zfpm1 + 0.073*Csf2ra + 0.064*Meis1 + 0.063*Ikzf1 + 0.057*Kit + 0.056*Csf1r + 0.048*Mcl1 + 0.045*Gata2 + 0.036*Hoxb5
topic #9 (0.092): 0.250*Mpl + 0.153*Hlf + 0.135*Gata2 + 0.132*Tcf3 + 0.092*Sfpi1 + 0.057*Ly6a + 0.051*Csf3r + 0.045*Meis1 + 0.027*Zfpm1 + 0.010*Ptprc
topic diff=0.074704, rho=0.277350
optimized eta [0.37200493513438859, 0.32215071775406962, 0.31890755117092939, 0.35106897367824019, 0.34914591628336616, 0.47417675301264262, 0.26247617035383042, 0.44545708458811012, 0.18425356426977668, 0.30598890709476312]
-3.204 per-word bound, 9.2 perplexity estimate based on a held-out corpus of 1430 documents with 8590 words
PROGRESS: pass 12, at document #1430/1430
optimized alpha [0.08772029564072524, 0.089159535418124006, 0.081670035518089865, 0.063293734275256502, 0.076875393194694358, 0.081731882039039153, 0.07063411361979148, 0.085340406376667288, 0.059649350608540049, 0.093449273217971751]
topic #8 (0.060): 0.362*Vwf + 0.129*Sfpi1 + 0.114*Hbb-y + 0.107*Cd52 + 0.093*Mcl1 + 0.033*Gata2 + 0.030*Meis1 + 0.023*Mpl + 0.023*Hlf + 0.021*Kit
topic #3 (0.063): 0.123*Kit + 0.118*Flt3 + 0.097*Hlf + 0.072*Sp1 + 0.070*Meis1 + 0.069*Cd52 + 0.066*Tcf3 + 0.065*Gata2 + 0.057*Rag1 + 0.040*Hk3
topic #0 (0.088): 0.424*Kit + 0.133*Mcl1 + 0.093*Mpl + 0.077*Gata2 + 0.075*Hlf + 0.060*Ptprc + 0.019*Hbb-b1 + 0.015*Ikzf1 + 0.015*Sfpi1 + 0.014*Slamf1
topic #1 (0.089): 0.331*Hlf + 0.100*Zfpm1 + 0.073*Csf2ra + 0.063*Meis1 + 0.063*Ikzf1 + 0.056*Csf1r + 0.056*Kit + 0.047*Mcl1 + 0.045*Gata2 + 0.036*Hoxb5
topic #9 (0.093): 0.254*Mpl + 0.153*Hlf + 0.135*Tcf3 + 0.131*Gata2 + 0.094*Sfpi1 + 0.057*Ly6a + 0.052*Csf3r + 0.044*Meis1 + 0.025*Zfpm1 + 0.010*Ptprc
topic diff=0.076595, rho=0.267261
optimized eta [0.36229607807124226, 0.31733507495263064, 0.31499759705532854, 0.34434752282380821, 0.34051046803014434, 0.46857132369611781, 0.25489130361848983, 0.42946835915125664, 0.18222878066021098, 0.30146363534530779]
-3.202 per-word bound, 9.2 perplexity estimate based on a held-out corpus of 1430 documents with 8590 words
PROGRESS: pass 13, at document #1430/1430
optimized alpha [0.088743197785343272, 0.090118473247978587, 0.08239571914344708, 0.062637482752916529, 0.07708867563284616, 0.082613851057885629, 0.070649076283845022, 0.0851044465327951, 0.059376882011378515, 0.094907080014636727]
topic #8 (0.059): 0.369*Vwf + 0.127*Sfpi1 + 0.114*Hbb-y + 0.109*Cd52 + 0.095*Mcl1 + 0.032*Gata2 + 0.028*Meis1 + 0.022*Mpl + 0.022*Hlf + 0.019*Kit
topic #3 (0.063): 0.121*Flt3 + 0.119*Kit + 0.095*Hlf + 0.075*Sp1 + 0.071*Cd52 + 0.069*Meis1 + 0.065*Tcf3 + 0.064*Gata2 + 0.059*Rag1 + 0.041*Hk3
topic #0 (0.089): 0.430*Kit + 0.135*Mcl1 + 0.093*Mpl + 0.076*Gata2 + 0.075*Hlf + 0.061*Ptprc + 0.016*Hbb-b1 + 0.015*Ikzf1 + 0.015*Sfpi1 + 0.014*Slamf1
topic #1 (0.090): 0.338*Hlf + 0.099*Zfpm1 + 0.073*Csf2ra + 0.063*Ikzf1 + 0.062*Meis1 + 0.057*Csf1r + 0.055*Kit + 0.046*Mcl1 + 0.044*Gata2 + 0.036*Hoxb5
topic #9 (0.095): 0.257*Mpl + 0.153*Hlf + 0.138*Tcf3 + 0.127*Gata2 + 0.096*Sfpi1 + 0.056*Ly6a + 0.051*Csf3r + 0.043*Meis1 + 0.024*Zfpm1 + 0.010*Ptprc
topic diff=0.077584, rho=0.258199
optimized eta [0.35244455439016831, 0.31179229234071471, 0.31037107235539524, 0.33717816810412432, 0.33169548863937176, 0.46160674931694307, 0.24754522270929571, 0.41396402585486114, 0.17988040642759889, 0.29636789910560812]
-3.201 per-word bound, 9.2 perplexity estimate based on a held-out corpus of 1430 documents with 8590 words
PROGRESS: pass 14, at document #1430/1430
optimized alpha [0.089785874175608724, 0.091032341811982345, 0.083223765753000209, 0.062099133120505079, 0.077368905341053187, 0.083559882726020746, 0.070692331654228321, 0.084966152139235224, 0.05917926020017502, 0.09627970632683916]
topic #8 (0.059): 0.373*Vwf + 0.127*Sfpi1 + 0.114*Hbb-y + 0.111*Cd52 + 0.098*Mcl1 + 0.030*Gata2 + 0.026*Meis1 + 0.021*Mpl + 0.021*Hlf + 0.017*Kit
topic #3 (0.062): 0.123*Flt3 + 0.115*Kit + 0.094*Hlf + 0.078*Sp1 + 0.072*Cd52 + 0.067*Meis1 + 0.064*Tcf3 + 0.062*Gata2 + 0.062*Rag1 + 0.043*Hk3
topic #0 (0.090): 0.435*Kit + 0.136*Mcl1 + 0.092*Mpl + 0.075*Hlf + 0.075*Gata2 + 0.062*Ptprc + 0.015*Ikzf1 + 0.015*Sfpi1 + 0.014*Slamf1 + 0.013*Hbb-b1
topic #1 (0.091): 0.344*Hlf + 0.097*Zfpm1 + 0.073*Csf2ra + 0.063*Ikzf1 + 0.060*Meis1 + 0.058*Csf1r + 0.055*Kit + 0.045*Mcl1 + 0.044*Gata2 + 0.035*Hoxb5
topic #9 (0.096): 0.261*Mpl + 0.153*Hlf + 0.140*Tcf3 + 0.124*Gata2 + 0.097*Sfpi1 + 0.057*Ly6a + 0.051*Csf3r + 0.041*Meis1 + 0.022*Zfpm1 + 0.010*Ptprc
topic diff=0.079386, rho=0.250000
optimized eta [0.34267346480943922, 0.30582526413750039, 0.30525472418157407, 0.32980426234962074, 0.32286235480701436, 0.45366240903927074, 0.24051297313760764, 0.39916758703642874, 0.1773454879844642, 0.29091623316980086]
-3.199 per-word bound, 9.2 perplexity estimate based on a held-out corpus of 1430 documents with 8590 words
PROGRESS: pass 15, at document #1430/1430
optimized alpha [0.090889892207232231, 0.092066618321118857, 0.084080452969166372, 0.061642269975604902, 0.077833977933630449, 0.084529924154365874, 0.070751913848165232, 0.084834016295967943, 0.058985800330967834, 0.097666112394139748]
topic #8 (0.059): 0.378*Vwf + 0.126*Sfpi1 + 0.114*Hbb-y + 0.112*Cd52 + 0.101*Mcl1 + 0.029*Gata2 + 0.024*Meis1 + 0.020*Hlf + 0.019*Mpl + 0.015*Kit
topic #3 (0.062): 0.125*Flt3 + 0.112*Kit + 0.092*Hlf + 0.080*Sp1 + 0.074*Cd52 + 0.066*Rag1 + 0.065*Meis1 + 0.064*Tcf3 + 0.061*Gata2 + 0.044*Hk3
topic #0 (0.091): 0.440*Kit + 0.137*Mcl1 + 0.091*Mpl + 0.076*Hlf + 0.074*Gata2 + 0.063*Ptprc + 0.015*Ikzf1 + 0.015*Sfpi1 + 0.014*Slamf1 + 0.011*Hbb-b1
topic #1 (0.092): 0.350*Hlf + 0.096*Zfpm1 + 0.073*Csf2ra + 0.063*Ikzf1 + 0.059*Meis1 + 0.058*Csf1r + 0.054*Kit + 0.044*Gata2 + 0.044*Mcl1 + 0.035*Hoxb5
topic #9 (0.098): 0.265*Mpl + 0.153*Hlf + 0.143*Tcf3 + 0.121*Gata2 + 0.098*Sfpi1 + 0.056*Ly6a + 0.051*Csf3r + 0.039*Meis1 + 0.021*Zfpm1 + 0.010*Ptprc
topic diff=0.080748, rho=0.242536
optimized eta [0.3330708271142907, 0.29964065901976761, 0.29977298639321959, 0.32237112120109579, 0.31421967368814629, 0.44505964305187795, 0.23381714926730074, 0.38516362359012807, 0.17469412700081599, 0.28520472449650575]
-3.198 per-word bound, 9.2 perplexity estimate based on a held-out corpus of 1430 documents with 8590 words
PROGRESS: pass 16, at document #1430/1430
optimized alpha [0.092149037212472751, 0.093029825447308048, 0.084935498125200876, 0.061250599847752954, 0.07829828269152099, 0.085479363873466496, 0.070824633070659074, 0.084786923105230547, 0.058855186345722926, 0.099077875983508853]
topic #8 (0.059): 0.383*Vwf + 0.125*Sfpi1 + 0.114*Hbb-y + 0.113*Cd52 + 0.103*Mcl1 + 0.028*Gata2 + 0.022*Meis1 + 0.019*Hlf + 0.018*Mpl + 0.014*Kit
topic #3 (0.061): 0.127*Flt3 + 0.108*Kit + 0.090*Hlf + 0.084*Sp1 + 0.074*Cd52 + 0.069*Rag1 + 0.064*Tcf3 + 0.063*Meis1 + 0.058*Gata2 + 0.044*Hk3
topic #0 (0.092): 0.445*Kit + 0.140*Mcl1 + 0.091*Mpl + 0.076*Hlf + 0.073*Gata2 + 0.064*Ptprc + 0.015*Ikzf1 + 0.014*Sfpi1 + 0.014*Slamf1 + 0.009*Hbb-b1
topic #1 (0.093): 0.355*Hlf + 0.095*Zfpm1 + 0.073*Csf2ra + 0.063*Ikzf1 + 0.058*Csf1r + 0.057*Meis1 + 0.053*Kit + 0.044*Gata2 + 0.043*Mcl1 + 0.035*Hoxb5
topic #9 (0.099): 0.268*Mpl + 0.153*Hlf + 0.145*Tcf3 + 0.119*Gata2 + 0.099*Sfpi1 + 0.056*Ly6a + 0.051*Csf3r + 0.037*Meis1 + 0.020*Zfpm1 + 0.010*Ptprc
topic diff=0.081374, rho=0.235702
optimized eta [0.32374403379318206, 0.29336795492084988, 0.294075298574485, 0.31504404258565044, 0.30580057968992896, 0.43592089183506749, 0.22747325243699565, 0.37195207883272408, 0.17199597681557097, 0.27938448780656877]
-3.196 per-word bound, 9.2 perplexity estimate based on a held-out corpus of 1430 documents with 8590 words
PROGRESS: pass 17, at document #1430/1430
optimized alpha [0.093328466142393374, 0.094020828519290001, 0.08580289608664253, 0.060904357380024622, 0.078895892272396823, 0.086526339062787325, 0.070910393858020573, 0.084778426895717324, 0.058773247952207557, 0.10054619823359531]
topic #8 (0.059): 0.386*Vwf + 0.123*Sfpi1 + 0.115*Cd52 + 0.113*Hbb-y + 0.106*Mcl1 + 0.027*Gata2 + 0.021*Meis1 + 0.018*Hlf + 0.017*Mpl + 0.013*Bmi1
topic #3 (0.061): 0.129*Flt3 + 0.105*Kit + 0.089*Hlf + 0.087*Sp1 + 0.075*Cd52 + 0.073*Rag1 + 0.063*Tcf3 + 0.061*Meis1 + 0.056*Gata2 + 0.045*Hk3
topic #0 (0.093): 0.449*Kit + 0.141*Mcl1 + 0.090*Mpl + 0.076*Hlf + 0.072*Gata2 + 0.065*Ptprc + 0.015*Ikzf1 + 0.014*Sfpi1 + 0.014*Slamf1 + 0.009*Tcf3
topic #1 (0.094): 0.360*Hlf + 0.094*Zfpm1 + 0.073*Csf2ra + 0.063*Ikzf1 + 0.059*Csf1r + 0.056*Meis1 + 0.051*Kit + 0.044*Gata2 + 0.041*Mcl1 + 0.035*Hoxb5
topic #9 (0.101): 0.272*Mpl + 0.153*Hlf + 0.147*Tcf3 + 0.116*Gata2 + 0.101*Sfpi1 + 0.056*Ly6a + 0.051*Csf3r + 0.035*Meis1 + 0.019*Zfpm1 + 0.010*Ptprc
topic diff=0.081930, rho=0.229416
optimized eta [0.31467596813279214, 0.28709446500616975, 0.28824682907869181, 0.30782308481589338, 0.29771298309114752, 0.42656059577455568, 0.22146903339177351, 0.35948272197024977, 0.16930414879988001, 0.27354447709397972]
-3.194 per-word bound, 9.1 perplexity estimate based on a held-out corpus of 1430 documents with 8590 words
PROGRESS: pass 18, at document #1430/1430
optimized alpha [0.094542940118436808, 0.095055540057895987, 0.086686453497206217, 0.060639628592649902, 0.079541090052000579, 0.087595227700163425, 0.071007500733245466, 0.084816907568566871, 0.05867109659300903, 0.10204950751526394]
topic #8 (0.059): 0.391*Vwf + 0.121*Sfpi1 + 0.117*Cd52 + 0.114*Hbb-y + 0.108*Mcl1 + 0.026*Gata2 + 0.019*Meis1 + 0.017*Hlf + 0.016*Mpl + 0.013*Bmi1
topic #3 (0.061): 0.130*Flt3 + 0.102*Kit + 0.090*Sp1 + 0.088*Hlf + 0.076*Rag1 + 0.076*Cd52 + 0.063*Tcf3 + 0.058*Meis1 + 0.054*Gata2 + 0.046*Hk3
topic #0 (0.095): 0.453*Kit + 0.142*Mcl1 + 0.089*Mpl + 0.076*Hlf + 0.071*Gata2 + 0.065*Ptprc + 0.015*Ikzf1 + 0.014*Slamf1 + 0.013*Sfpi1 + 0.008*Tcf3
topic #1 (0.095): 0.365*Hlf + 0.093*Zfpm1 + 0.073*Csf2ra + 0.063*Ikzf1 + 0.059*Csf1r + 0.055*Meis1 + 0.050*Kit + 0.044*Gata2 + 0.040*Mcl1 + 0.035*Hoxb5
topic #9 (0.102): 0.275*Mpl + 0.153*Hlf + 0.149*Tcf3 + 0.113*Gata2 + 0.102*Sfpi1 + 0.055*Ly6a + 0.051*Csf3r + 0.034*Meis1 + 0.018*Zfpm1 + 0.010*Ptprc
topic diff=0.082511, rho=0.223607
optimized eta [0.30586411957907933, 0.28087608435916239, 0.28237944011445054, 0.30081472566761081, 0.28996898024713791, 0.41711106743087328, 0.21578400572916767, 0.34773672430841734, 0.16663074526933883, 0.26775373136176406]
-3.192 per-word bound, 9.1 perplexity estimate based on a held-out corpus of 1430 documents with 8590 words
PROGRESS: pass 19, at document #1430/1430
optimized alpha [0.095732820915936975, 0.096085463681847949, 0.087664260807876732, 0.060401649465640653, 0.080204215047366273, 0.08865587740435335, 0.071115414523575726, 0.084900610721694469, 0.058613158248355522, 0.10360110258364252]
topic #8 (0.059): 0.394*Vwf + 0.120*Sfpi1 + 0.118*Cd52 + 0.114*Hbb-y + 0.111*Mcl1 + 0.025*Gata2 + 0.017*Meis1 + 0.016*Hlf + 0.015*Mpl + 0.014*Bmi1
topic #3 (0.060): 0.131*Flt3 + 0.099*Kit + 0.093*Sp1 + 0.087*Hlf + 0.079*Rag1 + 0.076*Cd52 + 0.062*Tcf3 + 0.056*Meis1 + 0.052*Gata2 + 0.047*Hk3
topic #0 (0.096): 0.457*Kit + 0.144*Mcl1 + 0.089*Mpl + 0.076*Hlf + 0.071*Gata2 + 0.066*Ptprc + 0.014*Ikzf1 + 0.014*Slamf1 + 0.013*Sfpi1 + 0.008*Tcf3
topic #1 (0.096): 0.370*Hlf + 0.092*Zfpm1 + 0.073*Csf2ra + 0.064*Ikzf1 + 0.059*Csf1r + 0.054*Meis1 + 0.049*Kit + 0.044*Gata2 + 0.039*Mcl1 + 0.035*Hoxb5
topic #9 (0.104): 0.278*Mpl + 0.153*Hlf + 0.150*Tcf3 + 0.111*Gata2 + 0.104*Sfpi1 + 0.055*Ly6a + 0.051*Csf3r + 0.032*Meis1 + 0.017*Zfpm1 + 0.010*Ptprc
topic diff=0.082695, rho=0.218218
optimized eta [0.29733382765735933, 0.27478977360952017, 0.27654398402525904, 0.2940278782043747, 0.28254687518694849, 0.40767339612696818, 0.21040738492288033, 0.33668983561748367, 0.16399722733264649, 0.26205571137172989]
-3.190 per-word bound, 9.1 perplexity estimate based on a held-out corpus of 1430 documents with 8590 words
PROGRESS: pass 20, at document #1430/1430
optimized alpha [0.097035214311366594, 0.09712830779202912, 0.088669340360256255, 0.060188188026090099, 0.080923778452973272, 0.089725585443573549, 0.071234191898234489, 0.085051382236828538, 0.058577066014108212, 0.1050987116241911]
topic #8 (0.059): 0.398*Vwf + 0.120*Cd52 + 0.118*Sfpi1 + 0.114*Hbb-y + 0.113*Mcl1 + 0.024*Gata2 + 0.016*Meis1 + 0.015*Hlf + 0.014*Bmi1 + 0.013*Mpl
topic #3 (0.060): 0.133*Flt3 + 0.097*Kit + 0.095*Sp1 + 0.085*Hlf + 0.082*Rag1 + 0.076*Cd52 + 0.062*Tcf3 + 0.055*Meis1 + 0.050*Gata2 + 0.047*Sfpi1
topic #0 (0.097): 0.461*Kit + 0.145*Mcl1 + 0.088*Mpl + 0.075*Hlf + 0.070*Gata2 + 0.066*Ptprc + 0.014*Ikzf1 + 0.014*Slamf1 + 0.013*Sfpi1 + 0.008*Tcf3
topic #1 (0.097): 0.375*Hlf + 0.091*Zfpm1 + 0.073*Csf2ra + 0.064*Ikzf1 + 0.060*Csf1r + 0.052*Meis1 + 0.048*Kit + 0.044*Gata2 + 0.039*Mcl1 + 0.035*Hoxb5
topic #9 (0.105): 0.281*Mpl + 0.152*Hlf + 0.152*Tcf3 + 0.109*Gata2 + 0.105*Sfpi1 + 0.055*Ly6a + 0.050*Csf3r + 0.031*Meis1 + 0.016*Zfpm1 + 0.010*Ptprc
topic diff=0.082894, rho=0.213201
optimized eta [0.28913708597819643, 0.26885269574188292, 0.27078616633914038, 0.28749175929643106, 0.27544128889729735, 0.39831171019844863, 0.20533005782295305, 0.32630674107958557, 0.16141510210703808, 0.25648631677968242]
-3.187 per-word bound, 9.1 perplexity estimate based on a held-out corpus of 1430 documents with 8590 words
PROGRESS: pass 21, at document #1430/1430
optimized alpha [0.09830008460707669, 0.098139941066752445, 0.08975046584438455, 0.060004930005152855, 0.081706536970486354, 0.090786126021618868, 0.071361705400678765, 0.085225314453938869, 0.058551765776815638, 0.10658532720408519]
topic #8 (0.059): 0.402*Vwf + 0.122*Cd52 + 0.116*Sfpi1 + 0.115*Mcl1 + 0.114*Hbb-y + 0.023*Gata2 + 0.015*Hlf + 0.014*Meis1 + 0.014*Bmi1 + 0.013*Mpl
topic #3 (0.060): 0.134*Flt3 + 0.098*Sp1 + 0.094*Kit + 0.085*Rag1 + 0.084*Hlf + 0.075*Cd52 + 0.062*Tcf3 + 0.053*Meis1 + 0.048*Gata2 + 0.048*Sfpi1
topic #1 (0.098): 0.380*Hlf + 0.090*Zfpm1 + 0.072*Csf2ra + 0.064*Ikzf1 + 0.060*Csf1r + 0.051*Meis1 + 0.047*Kit + 0.044*Gata2 + 0.038*Mcl1 + 0.035*Hoxb5
topic #0 (0.098): 0.464*Kit + 0.146*Mcl1 + 0.087*Mpl + 0.075*Hlf + 0.070*Gata2 + 0.066*Ptprc + 0.014*Ikzf1 + 0.014*Slamf1 + 0.012*Sfpi1 + 0.008*Tcf3
topic #9 (0.107): 0.284*Mpl + 0.153*Tcf3 + 0.152*Hlf + 0.108*Gata2 + 0.106*Sfpi1 + 0.055*Ly6a + 0.050*Csf3r + 0.029*Meis1 + 0.015*Zfpm1 + 0.010*Ptprc
topic diff=0.083138, rho=0.208514
optimized eta [0.28121755705898127, 0.26310155141309099, 0.2651571072336541, 0.2812139532931302, 0.26865485104508735, 0.3891106459694299, 0.20053616688160211, 0.31653407618365503, 0.15887655959764299, 0.25106536439659832]
-3.186 per-word bound, 9.1 perplexity estimate based on a held-out corpus of 1430 documents with 8590 words
PROGRESS: pass 22, at document #1430/1430
optimized alpha [0.099556437503501627, 0.099269056785194806, 0.090821824483553512, 0.059858095800752367, 0.082573883749363503, 0.091915648476300058, 0.071499874347872, 0.085421997199182739, 0.058573352880656446, 0.10804682747299238]
topic #8 (0.059): 0.404*Vwf + 0.126*Cd52 + 0.116*Sfpi1 + 0.116*Mcl1 + 0.114*Hbb-y + 0.022*Gata2 + 0.014*Bmi1 + 0.013*Hlf + 0.013*Meis1 + 0.012*Mpl
topic #3 (0.060): 0.136*Flt3 + 0.101*Sp1 + 0.092*Kit + 0.088*Rag1 + 0.083*Hlf + 0.073*Cd52 + 0.062*Tcf3 + 0.051*Meis1 + 0.049*Sfpi1 + 0.048*Hk3
topic #1 (0.099): 0.384*Hlf + 0.088*Zfpm1 + 0.072*Csf2ra + 0.065*Ikzf1 + 0.060*Csf1r + 0.050*Meis1 + 0.046*Kit + 0.044*Gata2 + 0.037*Mcl1 + 0.035*Hoxb5
topic #0 (0.100): 0.467*Kit + 0.147*Mcl1 + 0.087*Mpl + 0.075*Hlf + 0.069*Gata2 + 0.067*Ptprc + 0.014*Slamf1 + 0.014*Ikzf1 + 0.012*Sfpi1 + 0.007*Tcf3
topic #9 (0.108): 0.287*Mpl + 0.155*Tcf3 + 0.152*Hlf + 0.107*Sfpi1 + 0.106*Gata2 + 0.054*Ly6a + 0.050*Csf3r + 0.027*Meis1 + 0.014*Zfpm1 + 0.010*Ptprc
topic diff=0.083882, rho=0.204124
optimized eta [0.27355985951919159, 0.25755611899692415, 0.25963630582543745, 0.27516391042656047, 0.26216612099616071, 0.38013546305478552, 0.19600766203484832, 0.30730190681009151, 0.15639301441196962, 0.24576818799962447]
-3.184 per-word bound, 9.1 perplexity estimate based on a held-out corpus of 1430 documents with 8590 words
PROGRESS: pass 23, at document #1430/1430
optimized alpha [0.10085142630076212, 0.1003406044517616, 0.091918721981405743, 0.059754222697815308, 0.083452869930290358, 0.093055934505440391, 0.071646465403249676, 0.085652024497141641, 0.058604657139404263, 0.10954282634569963]
topic #8 (0.059): 0.406*Vwf + 0.129*Cd52 + 0.117*Mcl1 + 0.115*Sfpi1 + 0.114*Hbb-y + 0.021*Gata2 + 0.014*Bmi1 + 0.013*Hlf + 0.011*Meis1 + 0.011*Mpl
topic #3 (0.060): 0.137*Flt3 + 0.104*Sp1 + 0.090*Kit + 0.090*Rag1 + 0.081*Hlf + 0.072*Cd52 + 0.062*Tcf3 + 0.050*Sfpi1 + 0.049*Meis1 + 0.049*Hk3
topic #1 (0.100): 0.389*Hlf + 0.088*Zfpm1 + 0.072*Csf2ra + 0.065*Ikzf1 + 0.061*Csf1r + 0.048*Meis1 + 0.045*Kit + 0.043*Gata2 + 0.037*Mcl1 + 0.035*Hoxb5
topic #0 (0.101): 0.470*Kit + 0.148*Mcl1 + 0.086*Mpl + 0.075*Hlf + 0.069*Gata2 + 0.067*Ptprc + 0.014*Slamf1 + 0.014*Ikzf1 + 0.011*Sfpi1 + 0.007*Tcf3
topic #9 (0.110): 0.289*Mpl + 0.156*Tcf3 + 0.152*Hlf + 0.108*Sfpi1 + 0.105*Gata2 + 0.054*Ly6a + 0.050*Csf3r + 0.026*Meis1 + 0.013*Zfpm1 + 0.010*Ptprc
topic diff=0.083660, rho=0.200000
optimized eta [0.26617537071761876, 0.25221507542579108, 0.25423778625580906, 0.26935042165718243, 0.25594738357958718, 0.37138826574695488, 0.19172837436396939, 0.29857166663515533, 0.15397279938437328, 0.24060624394086211]
-3.183 per-word bound, 9.1 perplexity estimate based on a held-out corpus of 1430 documents with 8590 words
PROGRESS: pass 24, at document #1430/1430
optimized alpha [0.10209094603655938, 0.10143939766868051, 0.093019204898706118, 0.059687560472873817, 0.084415478512112868, 0.094259917583245326, 0.071801715009584668, 0.085901208137364266, 0.058620484712303508, 0.11107544058640398]
topic #8 (0.059): 0.409*Vwf + 0.134*Cd52 + 0.118*Mcl1 + 0.115*Hbb-y + 0.111*Sfpi1 + 0.020*Gata2 + 0.014*Bmi1 + 0.012*Hlf + 0.010*Meis1 + 0.010*Mpl
topic #3 (0.060): 0.138*Flt3 + 0.108*Sp1 + 0.093*Rag1 + 0.088*Kit + 0.080*Hlf + 0.070*Cd52 + 0.062*Tcf3 + 0.051*Sfpi1 + 0.049*Hk3 + 0.047*Meis1
topic #1 (0.101): 0.393*Hlf + 0.087*Zfpm1 + 0.072*Csf2ra + 0.065*Ikzf1 + 0.061*Csf1r + 0.047*Meis1 + 0.044*Kit + 0.043*Gata2 + 0.036*Mcl1 + 0.035*Hoxb5
topic #0 (0.102): 0.472*Kit + 0.148*Mcl1 + 0.086*Mpl + 0.075*Hlf + 0.069*Gata2 + 0.067*Ptprc + 0.014*Slamf1 + 0.013*Ikzf1 + 0.011*Sfpi1 + 0.007*Tcf3
topic #9 (0.111): 0.291*Mpl + 0.157*Tcf3 + 0.152*Hlf + 0.109*Sfpi1 + 0.104*Gata2 + 0.054*Ly6a + 0.050*Csf3r + 0.024*Meis1 + 0.012*Zfpm1 + 0.010*Ptprc
topic diff=0.083887, rho=0.196116
optimized eta [0.25906479922399833, 0.24708071269460707, 0.24898438100688314, 0.26375010294107559, 0.2500008786304822, 0.3629150856556676, 0.18768365644777374, 0.2903132698814086, 0.15161120166347566, 0.23556992099185173]
-3.181 per-word bound, 9.1 perplexity estimate based on a held-out corpus of 1430 documents with 8590 words
PROGRESS: pass 25, at document #1430/1430
optimized alpha [0.10338663986369127, 0.1025626072933985, 0.094148247353797065, 0.059665813530771397, 0.0854168942626196, 0.095509499299957806, 0.071965982015594204, 0.086159554774351041, 0.058638444553998366, 0.11262017325502126]
topic #8 (0.059): 0.412*Vwf + 0.137*Cd52 + 0.120*Mcl1 + 0.115*Hbb-y + 0.108*Sfpi1 + 0.019*Gata2 + 0.015*Bmi1 + 0.011*Hlf + 0.010*Mpl + 0.009*Meis1
topic #3 (0.060): 0.139*Flt3 + 0.112*Sp1 + 0.096*Rag1 + 0.086*Kit + 0.077*Hlf + 0.069*Cd52 + 0.063*Tcf3 + 0.053*Sfpi1 + 0.050*Hk3 + 0.044*Meis1
topic #1 (0.103): 0.397*Hlf + 0.086*Zfpm1 + 0.072*Csf2ra + 0.066*Ikzf1 + 0.061*Csf1r + 0.046*Meis1 + 0.043*Kit + 0.043*Gata2 + 0.036*Mcl1 + 0.035*Hoxb5
topic #0 (0.103): 0.475*Kit + 0.149*Mcl1 + 0.086*Mpl + 0.075*Hlf + 0.068*Gata2 + 0.067*Ptprc + 0.014*Slamf1 + 0.013*Ikzf1 + 0.011*Sfpi1 + 0.007*Tcf3
topic #9 (0.113): 0.293*Mpl + 0.158*Tcf3 + 0.153*Hlf + 0.111*Sfpi1 + 0.102*Gata2 + 0.054*Ly6a + 0.050*Csf3r + 0.022*Meis1 + 0.011*Zfpm1 + 0.010*Ptprc
topic diff=0.084312, rho=0.192450
optimized eta [0.25221664865292082, 0.24214675140395359, 0.2438672205039443, 0.25834246493151081, 0.24431492413270303, 0.35470056804550232, 0.18384917072971094, 0.28247843110697324, 0.14930671227051578, 0.23065897038460684]
-3.179 per-word bound, 9.1 perplexity estimate based on a held-out corpus of 1430 documents with 8590 words
PROGRESS: pass 26, at document #1430/1430
optimized alpha [0.10479090906156496, 0.1036748819768136, 0.095292634837491022, 0.059639408249218893, 0.086423620987688549, 0.09681256634682972, 0.072139149094477814, 0.086426644532309846, 0.058657908363492925, 0.11425344998068721]
topic #8 (0.059): 0.415*Vwf + 0.141*Cd52 + 0.121*Mcl1 + 0.116*Hbb-y + 0.104*Sfpi1 + 0.019*Gata2 + 0.015*Bmi1 + 0.010*Hlf + 0.009*Mpl + 0.008*Meis1
topic #3 (0.060): 0.141*Flt3 + 0.115*Sp1 + 0.098*Rag1 + 0.084*Kit + 0.074*Hlf + 0.067*Cd52 + 0.063*Tcf3 + 0.054*Sfpi1 + 0.050*Hk3 + 0.043*Klf1
topic #1 (0.104): 0.401*Hlf + 0.085*Zfpm1 + 0.072*Csf2ra + 0.066*Ikzf1 + 0.061*Csf1r + 0.045*Meis1 + 0.042*Kit + 0.042*Gata2 + 0.035*Mcl1 + 0.034*Hoxb5
topic #0 (0.105): 0.477*Kit + 0.150*Mcl1 + 0.085*Mpl + 0.074*Hlf + 0.068*Gata2 + 0.067*Ptprc + 0.014*Slamf1 + 0.013*Ikzf1 + 0.010*Sfpi1 + 0.007*Tcf3
topic #9 (0.114): 0.295*Mpl + 0.159*Tcf3 + 0.153*Hlf + 0.113*Sfpi1 + 0.101*Gata2 + 0.053*Ly6a + 0.050*Csf3r + 0.020*Meis1 + 0.011*Zfpm1 + 0.010*Ptprc
topic diff=0.084114, rho=0.188982
optimized eta [0.24563232230938159, 0.23740808483974266, 0.23889579420603949, 0.25312749010983099, 0.23887486629152815, 0.34676132657946512, 0.1802121764456, 0.27504135107154959, 0.14705487400450856, 0.22588708002075278]
-3.178 per-word bound, 9.0 perplexity estimate based on a held-out corpus of 1430 documents with 8590 words
PROGRESS: pass 27, at document #1430/1430
optimized alpha [0.10623035561117705, 0.10481023359338798, 0.096443467296373583, 0.059645766525864119, 0.087490335252196128, 0.098215021311920933, 0.072321483238108983, 0.086702773022342375, 0.058710360192536365, 0.11589943192764207]
topic #8 (0.059): 0.417*Vwf + 0.145*Cd52 + 0.122*Mcl1 + 0.116*Hbb-y + 0.101*Sfpi1 + 0.018*Gata2 + 0.016*Bmi1 + 0.010*Hlf + 0.008*Mpl + 0.008*Meis1
topic #3 (0.060): 0.143*Flt3 + 0.119*Sp1 + 0.102*Rag1 + 0.082*Kit + 0.072*Hlf + 0.065*Cd52 + 0.063*Tcf3 + 0.055*Sfpi1 + 0.051*Hk3 + 0.045*Klf1
topic #1 (0.105): 0.405*Hlf + 0.084*Zfpm1 + 0.072*Csf2ra + 0.067*Ikzf1 + 0.061*Csf1r + 0.044*Meis1 + 0.041*Kit + 0.041*Gata2 + 0.035*Mcl1 + 0.035*Hoxb5
topic #0 (0.106): 0.479*Kit + 0.151*Mcl1 + 0.085*Mpl + 0.074*Hlf + 0.068*Gata2 + 0.068*Ptprc + 0.014*Slamf1 + 0.013*Ikzf1 + 0.010*Sfpi1 + 0.006*Tcf3
topic #9 (0.116): 0.296*Mpl + 0.160*Tcf3 + 0.153*Hlf + 0.115*Sfpi1 + 0.100*Gata2 + 0.053*Ly6a + 0.049*Csf3r + 0.019*Meis1 + 0.010*Zfpm1 + 0.010*Ptprc
topic diff=0.084500, rho=0.185695
optimized eta [0.23928667270312318, 0.23285942776178706, 0.23406340648657345, 0.24807442341439839, 0.23366832101608082, 0.33910833596492279, 0.17675938873817323, 0.26797667693211819, 0.14485592967304678, 0.2212475744518291]
-3.176 per-word bound, 9.0 perplexity estimate based on a held-out corpus of 1430 documents with 8590 words
PROGRESS: pass 28, at document #1430/1430
optimized alpha [0.1076420622121731, 0.10592547634907373, 0.097599906973021677, 0.059705288593756851, 0.088549293690907208, 0.099656098489318112, 0.072511151571558324, 0.086986633195016774, 0.05877759747711795, 0.1176251080513426]
topic #8 (0.059): 0.419*Vwf + 0.150*Cd52 + 0.124*Mcl1 + 0.116*Hbb-y + 0.097*Sfpi1 + 0.017*Gata2 + 0.016*Bmi1 + 0.009*Hlf + 0.008*Mpl + 0.007*Meis1
topic #3 (0.060): 0.144*Flt3 + 0.124*Sp1 + 0.104*Rag1 + 0.080*Kit + 0.069*Hlf + 0.063*Cd52 + 0.063*Tcf3 + 0.056*Sfpi1 + 0.052*Hk3 + 0.047*Klf1
topic #1 (0.106): 0.409*Hlf + 0.084*Zfpm1 + 0.072*Csf2ra + 0.068*Ikzf1 + 0.061*Csf1r + 0.042*Meis1 + 0.041*Kit + 0.041*Gata2 + 0.035*Mcl1 + 0.035*Hoxb5
topic #0 (0.108): 0.482*Kit + 0.151*Mcl1 + 0.084*Mpl + 0.074*Hlf + 0.068*Ptprc + 0.067*Gata2 + 0.014*Slamf1 + 0.012*Ikzf1 + 0.009*Sfpi1 + 0.006*Tcf3
topic #9 (0.118): 0.297*Mpl + 0.161*Tcf3 + 0.153*Hlf + 0.117*Sfpi1 + 0.100*Gata2 + 0.053*Ly6a + 0.049*Csf3r + 0.017*Meis1 + 0.009*Ptprc + 0.009*Zfpm1
topic diff=0.084656, rho=0.182574
optimized eta [0.23316847587744341, 0.22849253120037191, 0.22936956747324444, 0.24319241462473717, 0.22867722214409217, 0.33174169689141242, 0.17347937674684052, 0.26127216174912699, 0.14270765683646075, 0.21674300163292101]
-3.174 per-word bound, 9.0 perplexity estimate based on a held-out corpus of 1430 documents with 8590 words
PROGRESS: pass 29, at document #1430/1430
optimized alpha [0.10908175729054462, 0.10703539797134273, 0.098796623209080836, 0.059787747275859164, 0.089643348993482697, 0.10109571885158153, 0.072708241376659488, 0.08727745212124971, 0.058874546404004684, 0.11937866290073322]
topic #8 (0.059): 0.420*Vwf + 0.154*Cd52 + 0.125*Mcl1 + 0.116*Hbb-y + 0.095*Sfpi1 + 0.016*Gata2 + 0.016*Bmi1 + 0.009*Hlf + 0.007*Mpl + 0.006*Fcgr3
topic #3 (0.060): 0.145*Flt3 + 0.129*Sp1 + 0.107*Rag1 + 0.078*Kit + 0.067*Hlf + 0.063*Tcf3 + 0.061*Cd52 + 0.057*Sfpi1 + 0.052*Hk3 + 0.049*Klf1
topic #1 (0.107): 0.413*Hlf + 0.084*Zfpm1 + 0.072*Csf2ra + 0.068*Ikzf1 + 0.061*Csf1r + 0.041*Meis1 + 0.040*Kit + 0.040*Gata2 + 0.034*Hoxb5 + 0.034*Mcl1
topic #0 (0.109): 0.485*Kit + 0.152*Mcl1 + 0.084*Mpl + 0.073*Hlf + 0.068*Ptprc + 0.067*Gata2 + 0.014*Slamf1 + 0.012*Ikzf1 + 0.009*Sfpi1 + 0.006*Tcf3
topic #9 (0.119): 0.299*Mpl + 0.162*Tcf3 + 0.153*Hlf + 0.118*Sfpi1 + 0.099*Gata2 + 0.053*Ly6a + 0.049*Csf3r + 0.015*Meis1 + 0.009*Ptprc + 0.009*Hoxb5
topic diff=0.084937, rho=0.179605
optimized eta [0.22727043185875989, 0.22430056304222379, 0.22481748229739626, 0.23848250968452817, 0.22388071870387977, 0.32461366942578701, 0.17035854739785375, 0.25489996190573949, 0.14060986121120503, 0.21237603913210504]
-3.172 per-word bound, 9.0 perplexity estimate based on a held-out corpus of 1430 documents with 8590 words
PROGRESS: pass 30, at document #1430/1430
optimized alpha [0.11056732453057939, 0.10808914965836121, 0.100022355039197, 0.059884047752014766, 0.09074143797090356, 0.10254877199090687, 0.072911570429553263, 0.087584089132080614, 0.058962575372157003, 0.12116211750091634]
topic #8 (0.059): 0.421*Vwf + 0.157*Cd52 + 0.126*Mcl1 + 0.117*Hbb-y + 0.092*Sfpi1 + 0.017*Bmi1 + 0.016*Gata2 + 0.008*Hlf + 0.006*Fcgr3 + 0.006*Mpl
topic #3 (0.060): 0.146*Flt3 + 0.133*Sp1 + 0.110*Rag1 + 0.076*Kit + 0.064*Hlf + 0.062*Tcf3 + 0.060*Cd52 + 0.058*Sfpi1 + 0.052*Hk3 + 0.051*Klf1
topic #1 (0.108): 0.416*Hlf + 0.083*Zfpm1 + 0.072*Csf2ra + 0.069*Ikzf1 + 0.061*Csf1r + 0.040*Meis1 + 0.039*Kit + 0.039*Gata2 + 0.034*Hoxb5 + 0.034*Mcl1
topic #0 (0.111): 0.487*Kit + 0.153*Mcl1 + 0.083*Mpl + 0.073*Hlf + 0.068*Ptprc + 0.067*Gata2 + 0.014*Slamf1 + 0.012*Ikzf1 + 0.008*Sfpi1 + 0.006*Tcf3
topic #9 (0.121): 0.300*Mpl + 0.163*Tcf3 + 0.154*Hlf + 0.119*Sfpi1 + 0.098*Gata2 + 0.053*Ly6a + 0.049*Csf3r + 0.014*Meis1 + 0.009*Ptprc + 0.009*Hoxb5
topic diff=0.084895, rho=0.176777
optimized eta [0.2215944385978135, 0.22027780178712419, 0.22040943805748184, 0.23394762408473813, 0.21927580591382945, 0.31771603346226995, 0.16737998007041938, 0.24883614110908142, 0.13855984837147264, 0.20814796206467889]
-3.171 per-word bound, 9.0 perplexity estimate based on a held-out corpus of 1430 documents with 8590 words
PROGRESS: pass 31, at document #1430/1430
optimized alpha [0.11202472531201574, 0.10917010883178407, 0.10136585092812239, 0.059993646376566304, 0.091845398633037326, 0.1040121148000263, 0.073122588073766537, 0.087909160076638238, 0.059100554029373364, 0.12298986102548859]
topic #8 (0.059): 0.421*Vwf + 0.161*Cd52 + 0.128*Mcl1 + 0.116*Hbb-y + 0.090*Sfpi1 + 0.017*Bmi1 + 0.015*Gata2 + 0.007*Hlf + 0.006*Fcgr3 + 0.006*Mpl
topic #3 (0.060): 0.148*Flt3 + 0.138*Sp1 + 0.112*Rag1 + 0.074*Kit + 0.062*Tcf3 + 0.062*Hlf + 0.059*Sfpi1 + 0.058*Cd52 + 0.053*Klf1 + 0.053*Hk3
topic #1 (0.109): 0.420*Hlf + 0.083*Zfpm1 + 0.072*Csf2ra + 0.069*Ikzf1 + 0.061*Csf1r + 0.038*Meis1 + 0.038*Gata2 + 0.038*Kit + 0.034*Hoxb5 + 0.033*Mcl1
topic #0 (0.112): 0.489*Kit + 0.153*Mcl1 + 0.083*Mpl + 0.073*Hlf + 0.068*Ptprc + 0.067*Gata2 + 0.014*Slamf1 + 0.012*Ikzf1 + 0.007*Sfpi1 + 0.006*Tcf3
topic #9 (0.123): 0.302*Mpl + 0.163*Tcf3 + 0.154*Hlf + 0.121*Sfpi1 + 0.097*Gata2 + 0.052*Ly6a + 0.049*Csf3r + 0.013*Meis1 + 0.009*Hoxb5 + 0.009*Ptprc
topic diff=0.085328, rho=0.174078
optimized eta [0.21612741059480375, 0.21641650946966445, 0.21614227119930732, 0.22957644920238793, 0.21484034866044721, 0.31103808052581511, 0.16454066207733598, 0.24306965032853534, 0.13655658707266502, 0.20405117813515863]
-3.169 per-word bound, 9.0 perplexity estimate based on a held-out corpus of 1430 documents with 8590 words
PROGRESS: pass 32, at document #1430/1430
optimized alpha [0.11350173494198172, 0.11024774956959459, 0.10273566896250999, 0.060122974209446824, 0.092975148365863014, 0.10551868212868289, 0.073339973398631852, 0.088228608620138996, 0.059235377707358358, 0.12482930337328338]
topic #8 (0.059): 0.422*Vwf + 0.165*Cd52 + 0.129*Mcl1 + 0.117*Hbb-y + 0.087*Sfpi1 + 0.017*Bmi1 + 0.014*Gata2 + 0.007*Hlf + 0.006*Fcgr3 + 0.006*Tcf3
topic #3 (0.060): 0.149*Flt3 + 0.142*Sp1 + 0.114*Rag1 + 0.072*Kit + 0.062*Tcf3 + 0.060*Hlf + 0.060*Sfpi1 + 0.056*Cd52 + 0.055*Klf1 + 0.054*Hk3
topic #1 (0.110): 0.423*Hlf + 0.083*Zfpm1 + 0.072*Csf2ra + 0.070*Ikzf1 + 0.061*Csf1r + 0.038*Gata2 + 0.038*Kit + 0.037*Meis1 + 0.034*Hoxb5 + 0.033*Mcl1
topic #0 (0.114): 0.491*Kit + 0.154*Mcl1 + 0.082*Mpl + 0.073*Hlf + 0.068*Ptprc + 0.067*Gata2 + 0.014*Slamf1 + 0.012*Ikzf1 + 0.007*Sfpi1 + 0.005*Tcf3
topic #9 (0.125): 0.303*Mpl + 0.164*Tcf3 + 0.154*Hlf + 0.122*Sfpi1 + 0.097*Gata2 + 0.052*Ly6a + 0.049*Csf3r + 0.011*Meis1 + 0.010*Hoxb5 + 0.009*Ptprc
topic diff=0.085394, rho=0.171499
optimized eta [0.21086721128321806, 0.21270959361148284, 0.21199585073513644, 0.22536806810759566, 0.21056687246614955, 0.30458745853675467, 0.16183070289772225, 0.23757015546855989, 0.13459635007976281, 0.20008192624680665]
-3.167 per-word bound, 9.0 perplexity estimate based on a held-out corpus of 1430 documents with 8590 words
PROGRESS: pass 33, at document #1430/1430
optimized alpha [0.11501247155062835, 0.11130848220676012, 0.1041595021716822, 0.060270155800837319, 0.094100167149892541, 0.10704836978794065, 0.07356373359888925, 0.088554476915334329, 0.059389210053193642, 0.12668866535245005]
topic #8 (0.059): 0.422*Vwf + 0.170*Cd52 + 0.129*Mcl1 + 0.117*Hbb-y + 0.085*Sfpi1 + 0.018*Bmi1 + 0.014*Gata2 + 0.006*Hlf + 0.006*Fcgr3 + 0.006*Tcf3
topic #3 (0.060): 0.150*Flt3 + 0.147*Sp1 + 0.116*Rag1 + 0.070*Kit + 0.062*Tcf3 + 0.060*Sfpi1 + 0.058*Klf1 + 0.057*Hlf + 0.054*Hk3 + 0.054*Cd52
topic #1 (0.111): 0.427*Hlf + 0.082*Zfpm1 + 0.072*Csf2ra + 0.070*Ikzf1 + 0.061*Csf1r + 0.037*Gata2 + 0.037*Kit + 0.036*Meis1 + 0.034*Hoxb5 + 0.033*Mcl1
topic #0 (0.115): 0.493*Kit + 0.155*Mcl1 + 0.082*Mpl + 0.073*Hlf + 0.068*Ptprc + 0.067*Gata2 + 0.014*Slamf1 + 0.012*Ikzf1 + 0.006*Sfpi1 + 0.005*Epor
topic #9 (0.127): 0.304*Mpl + 0.164*Tcf3 + 0.154*Hlf + 0.124*Sfpi1 + 0.096*Gata2 + 0.052*Ly6a + 0.049*Csf3r + 0.010*Meis1 + 0.010*Hoxb5 + 0.009*Ptprc
topic diff=0.085600, rho=0.169031
optimized eta [0.20581052998419269, 0.2091437616471794, 0.2079704391338405, 0.2213092617404934, 0.2064438680418143, 0.29833941417958998, 0.15924103467955578, 0.23232111431321592, 0.13267915936170221, 0.19623922008712413]
-3.165 per-word bound, 9.0 perplexity estimate based on a held-out corpus of 1430 documents with 8590 words
PROGRESS: pass 34, at document #1430/1430
optimized alpha [0.11650765085522349, 0.11236724497374918, 0.10557598907571888, 0.060441906076502377, 0.095240058281869919, 0.10862146180429293, 0.073791848164199245, 0.088873003267005979, 0.059545866438293855, 0.12846810719232701]
topic #8 (0.060): 0.423*Vwf + 0.173*Cd52 + 0.129*Mcl1 + 0.117*Hbb-y + 0.083*Sfpi1 + 0.018*Bmi1 + 0.013*Gata2 + 0.006*Fcgr3 + 0.006*Hlf + 0.006*Tcf3
topic #3 (0.060): 0.151*Sp1 + 0.151*Flt3 + 0.118*Rag1 + 0.067*Kit + 0.062*Tcf3 + 0.061*Sfpi1 + 0.060*Klf1 + 0.055*Hlf + 0.055*Hk3 + 0.053*Cd52
topic #1 (0.112): 0.430*Hlf + 0.082*Zfpm1 + 0.072*Csf2ra + 0.071*Ikzf1 + 0.061*Csf1r + 0.036*Kit + 0.036*Gata2 + 0.034*Meis1 + 0.034*Hoxb5 + 0.032*Mcl1
topic #0 (0.117): 0.495*Kit + 0.155*Mcl1 + 0.081*Mpl + 0.073*Hlf + 0.068*Ptprc + 0.066*Gata2 + 0.014*Slamf1 + 0.011*Ikzf1 + 0.006*Sfpi1 + 0.005*Epor
topic #9 (0.128): 0.305*Mpl + 0.165*Tcf3 + 0.155*Hlf + 0.124*Sfpi1 + 0.095*Gata2 + 0.052*Ly6a + 0.048*Csf3r + 0.010*Hoxb5 + 0.009*Meis1 + 0.009*Ptprc
topic diff=0.085837, rho=0.166667
optimized eta [0.20094973151547726, 0.20571568690320646, 0.20406261434587514, 0.2174068602919523, 0.20246846531865759, 0.29231498014714768, 0.15675466636562244, 0.22730398093691442, 0.13080054410658062, 0.19251637181845621]
-3.162 per-word bound, 9.0 perplexity estimate based on a held-out corpus of 1430 documents with 8590 words
PROGRESS: pass 35, at document #1430/1430
optimized alpha [0.11806133716657272, 0.11337604576350695, 0.10698433658085593, 0.060616983001691563, 0.096388380890825145, 0.11025475518330169, 0.074025974130491556, 0.089188086130067137, 0.059720270668978143, 0.13033576177412987]
topic #8 (0.060): 0.423*Vwf + 0.177*Cd52 + 0.129*Mcl1 + 0.117*Hbb-y + 0.081*Sfpi1 + 0.019*Bmi1 + 0.013*Gata2 + 0.006*Fcgr3 + 0.005*Tcf3 + 0.005*Hlf
topic #3 (0.061): 0.156*Sp1 + 0.152*Flt3 + 0.120*Rag1 + 0.064*Kit + 0.062*Klf1 + 0.062*Sfpi1 + 0.062*Tcf3 + 0.056*Hk3 + 0.053*Hlf + 0.051*Cd52
topic #1 (0.113): 0.434*Hlf + 0.081*Zfpm1 + 0.072*Csf2ra + 0.071*Ikzf1 + 0.062*Csf1r + 0.036*Kit + 0.036*Gata2 + 0.034*Hoxb5 + 0.033*Meis1 + 0.032*Mcl1
topic #0 (0.118): 0.496*Kit + 0.155*Mcl1 + 0.081*Mpl + 0.073*Hlf + 0.068*Ptprc + 0.066*Gata2 + 0.014*Slamf1 + 0.011*Ikzf1 + 0.006*Sfpi1 + 0.005*Gypa
topic #9 (0.130): 0.306*Mpl + 0.165*Tcf3 + 0.155*Hlf + 0.126*Sfpi1 + 0.094*Gata2 + 0.051*Ly6a + 0.048*Csf3r + 0.010*Hoxb5 + 0.009*Ptprc + 0.008*Meis1
topic diff=0.086108, rho=0.164399
optimized eta [0.19628302432918379, 0.20241430537608837, 0.20026833252643567, 0.21364736180347418, 0.19863660936705926, 0.28648882048061736, 0.15436551076482463, 0.22250428931584129, 0.12895889654160023, 0.18891182212620897]
-3.161 per-word bound, 8.9 perplexity estimate based on a held-out corpus of 1430 documents with 8590 words
PROGRESS: pass 36, at document #1430/1430
optimized alpha [0.11960300500461143, 0.11440962979117077, 0.10838510142542675, 0.060794682757312812, 0.097595376562974567, 0.11186645147911213, 0.074264977519877221, 0.08951959537279093, 0.059910771821466639, 0.1321912943313579]
topic #8 (0.060): 0.423*Vwf + 0.181*Cd52 + 0.128*Mcl1 + 0.117*Hbb-y + 0.080*Sfpi1 + 0.019*Bmi1 + 0.012*Gata2 + 0.006*Fcgr3 + 0.005*Tcf3 + 0.005*Hlf
topic #3 (0.061): 0.160*Sp1 + 0.154*Flt3 + 0.122*Rag1 + 0.064*Klf1 + 0.062*Sfpi1 + 0.062*Kit + 0.061*Tcf3 + 0.056*Hk3 + 0.051*Hlf + 0.050*Cd52
topic #1 (0.114): 0.437*Hlf + 0.081*Zfpm1 + 0.073*Csf2ra + 0.072*Ikzf1 + 0.062*Csf1r + 0.035*Kit + 0.035*Gata2 + 0.034*Hoxb5 + 0.032*Mcl1 + 0.031*Meis1
topic #0 (0.120): 0.498*Kit + 0.155*Mcl1 + 0.081*Mpl + 0.072*Hlf + 0.068*Ptprc + 0.066*Gata2 + 0.014*Slamf1 + 0.011*Ikzf1 + 0.005*Gypa + 0.005*Epor
topic #9 (0.132): 0.306*Mpl + 0.166*Tcf3 + 0.156*Hlf + 0.127*Sfpi1 + 0.094*Gata2 + 0.051*Ly6a + 0.048*Csf3r + 0.010*Hoxb5 + 0.009*Ptprc + 0.008*Meis1
topic diff=0.086057, rho=0.162221
optimized eta [0.19180236249856455, 0.19923347788608733, 0.19658419238944885, 0.21001470886675339, 0.194942053791231, 0.28086233647852471, 0.15206785379291066, 0.21791340337995094, 0.12715241324795171, 0.18542204682106583]
-3.158 per-word bound, 8.9 perplexity estimate based on a held-out corpus of 1430 documents with 8590 words
PROGRESS: pass 37, at document #1430/1430
optimized alpha [0.12120756205452679, 0.11545321726436369, 0.10989864135861767, 0.060976106817381935, 0.098777293958019319, 0.11346480139575651, 0.07450980428161004, 0.089868239645309295, 0.060104901641561521, 0.13406203382699505]
topic #8 (0.060): 0.423*Vwf + 0.185*Cd52 + 0.128*Mcl1 + 0.117*Hbb-y + 0.078*Sfpi1 + 0.019*Bmi1 + 0.012*Gata2 + 0.006*Fcgr3 + 0.005*Tcf3 + 0.005*Hlf
topic #3 (0.061): 0.164*Sp1 + 0.155*Flt3 + 0.124*Rag1 + 0.065*Klf1 + 0.063*Sfpi1 + 0.061*Tcf3 + 0.060*Kit + 0.057*Hk3 + 0.049*Cd52 + 0.049*Hlf
topic #1 (0.115): 0.440*Hlf + 0.081*Zfpm1 + 0.073*Csf2ra + 0.073*Ikzf1 + 0.062*Csf1r + 0.034*Kit + 0.034*Gata2 + 0.034*Hoxb5 + 0.031*Mcl1 + 0.029*Meis1
topic #0 (0.121): 0.500*Kit + 0.156*Mcl1 + 0.081*Mpl + 0.072*Hlf + 0.069*Ptprc + 0.066*Gata2 + 0.014*Slamf1 + 0.011*Ikzf1 + 0.005*Gypa + 0.005*Epor
topic #9 (0.134): 0.307*Mpl + 0.166*Tcf3 + 0.156*Hlf + 0.128*Sfpi1 + 0.093*Gata2 + 0.051*Ly6a + 0.048*Csf3r + 0.011*Hoxb5 + 0.009*Ptprc + 0.007*Meis1
topic diff=0.086062, rho=0.160128
optimized eta [0.18750279016326526, 0.19616396176578396, 0.19300672066263555, 0.20650586971802876, 0.19137548865590537, 0.27541189878927347, 0.14985569154628342, 0.2135216128965382, 0.12537896359142894, 0.18204766754924992]
-3.157 per-word bound, 8.9 perplexity estimate based on a held-out corpus of 1430 documents with 8590 words
PROGRESS: pass 38, at document #1430/1430
optimized alpha [0.12282966164940384, 0.11652674155926342, 0.11144101878375624, 0.061167056837789474, 0.099967351156011491, 0.11509498623768878, 0.074759714702440319, 0.090220454512105946, 0.060302172412656938, 0.13591662789154255]
topic #8 (0.060): 0.423*Vwf + 0.188*Cd52 + 0.128*Mcl1 + 0.116*Hbb-y + 0.077*Sfpi1 + 0.020*Bmi1 + 0.011*Gata2 + 0.006*Fcgr3 + 0.005*Tcf3 + 0.004*Hlf
topic #3 (0.061): 0.167*Sp1 + 0.156*Flt3 + 0.126*Rag1 + 0.067*Klf1 + 0.063*Sfpi1 + 0.061*Tcf3 + 0.057*Hk3 + 0.057*Kit + 0.048*Cd52 + 0.046*Hlf
topic #1 (0.117): 0.443*Hlf + 0.080*Zfpm1 + 0.073*Csf2ra + 0.073*Ikzf1 + 0.062*Csf1r + 0.034*Kit + 0.034*Gata2 + 0.034*Hoxb5 + 0.031*Mcl1 + 0.028*Meis1
topic #0 (0.123): 0.501*Kit + 0.156*Mcl1 + 0.081*Mpl + 0.072*Hlf + 0.069*Ptprc + 0.066*Gata2 + 0.014*Slamf1 + 0.011*Ikzf1 + 0.005*Gypa + 0.005*Epor
topic #9 (0.136): 0.308*Mpl + 0.167*Tcf3 + 0.156*Hlf + 0.128*Sfpi1 + 0.092*Gata2 + 0.051*Ly6a + 0.047*Csf3r + 0.011*Hoxb5 + 0.009*Ptprc + 0.007*Notch1
topic diff=0.086043, rho=0.158114
optimized eta [0.18337895740904619, 0.19320232671882262, 0.18953350161284108, 0.20311630035108857, 0.18792728713079057, 0.27014134373132515, 0.1477248860664839, 0.20931318105418217, 0.12363709056779208, 0.17878545016803743]
-3.155 per-word bound, 8.9 perplexity estimate based on a held-out corpus of 1430 documents with 8590 words
PROGRESS: pass 39, at document #1430/1430
optimized alpha [0.12449423998264895, 0.11760100407977642, 0.11300063806721536, 0.061360895098508707, 0.10115483688039756, 0.11677313698125752, 0.075014885086707589, 0.090586984108437837, 0.060502846859044911, 0.13779530530065273]
topic #8 (0.061): 0.424*Vwf + 0.190*Cd52 + 0.128*Mcl1 + 0.116*Hbb-y + 0.076*Sfpi1 + 0.020*Bmi1 + 0.011*Gata2 + 0.006*Fcgr3 + 0.005*Tcf3 + 0.004*Hlf
topic #3 (0.061): 0.171*Sp1 + 0.157*Flt3 + 0.127*Rag1 + 0.069*Klf1 + 0.064*Sfpi1 + 0.060*Tcf3 + 0.058*Hk3 + 0.055*Kit + 0.048*Cd52 + 0.044*Hlf
topic #1 (0.118): 0.447*Hlf + 0.080*Zfpm1 + 0.074*Csf2ra + 0.074*Ikzf1 + 0.062*Csf1r + 0.033*Hoxb5 + 0.033*Gata2 + 0.033*Kit + 0.031*Mcl1 + 0.026*Meis1
topic #0 (0.124): 0.503*Kit + 0.156*Mcl1 + 0.080*Mpl + 0.071*Hlf + 0.069*Ptprc + 0.066*Gata2 + 0.014*Slamf1 + 0.010*Ikzf1 + 0.005*Gypa + 0.005*Epor
topic #9 (0.138): 0.309*Mpl + 0.167*Tcf3 + 0.157*Hlf + 0.129*Sfpi1 + 0.091*Gata2 + 0.051*Ly6a + 0.047*Csf3r + 0.011*Hoxb5 + 0.009*Ptprc + 0.007*Notch1
topic diff=0.086174, rho=0.156174
optimized eta [0.17942521492042807, 0.19034000230122361, 0.18616134640370854, 0.19984194524868637, 0.18459188338967258, 0.26505285720726512, 0.14566672072527928, 0.20527672919752868, 0.12192554057510266, 0.1756339172253592]
-3.153 per-word bound, 8.9 perplexity estimate based on a held-out corpus of 1430 documents with 8590 words
PROGRESS: pass 40, at document #1430/1430
optimized alpha [0.12619079496062366, 0.11871577598672454, 0.11459032767450872, 0.061564303777573659, 0.10233160546673145, 0.1184325780807705, 0.075275228529075297, 0.090937015521201384, 0.060705714013274722, 0.13975733202528876]
topic #8 (0.061): 0.424*Vwf + 0.193*Cd52 + 0.128*Mcl1 + 0.117*Hbb-y + 0.075*Sfpi1 + 0.020*Bmi1 + 0.010*Gata2 + 0.006*Fcgr3 + 0.005*Tcf3 + 0.004*Hlf
topic #3 (0.062): 0.174*Sp1 + 0.158*Flt3 + 0.129*Rag1 + 0.070*Klf1 + 0.065*Sfpi1 + 0.060*Tcf3 + 0.059*Hk3 + 0.053*Kit + 0.048*Cd52 + 0.042*Hlf
topic #1 (0.119): 0.451*Hlf + 0.080*Zfpm1 + 0.074*Ikzf1 + 0.074*Csf2ra + 0.062*Csf1r + 0.033*Hoxb5 + 0.032*Kit + 0.032*Gata2 + 0.030*Mcl1 + 0.024*Meis1
topic #0 (0.126): 0.505*Kit + 0.156*Mcl1 + 0.080*Mpl + 0.071*Hlf + 0.069*Ptprc + 0.066*Gata2 + 0.014*Slamf1 + 0.010*Ikzf1 + 0.005*Gypa + 0.005*Epor
topic #9 (0.140): 0.309*Mpl + 0.167*Tcf3 + 0.157*Hlf + 0.130*Sfpi1 + 0.091*Gata2 + 0.051*Ly6a + 0.047*Csf3r + 0.011*Hoxb5 + 0.009*Ptprc + 0.007*Notch1
topic diff=0.086343, rho=0.154303
optimized eta [0.17563380345953852, 0.1875754967306873, 0.18288723311472968, 0.19668429272241642, 0.1813623965481698, 0.26013766650742676, 0.14367766976250368, 0.20139740794431427, 0.12024209602140171, 0.17259133723714903]
-3.151 per-word bound, 8.9 perplexity estimate based on a held-out corpus of 1430 documents with 8590 words
PROGRESS: pass 41, at document #1430/1430
optimized alpha [0.12787887418064106, 0.11980211410058175, 0.11620699843556322, 0.061782022234164374, 0.10351739642472288, 0.1201376253245795, 0.075539454448673382, 0.091291131073446274, 0.060917567772552673, 0.14167005240154817]
topic #8 (0.061): 0.424*Vwf + 0.196*Cd52 + 0.128*Mcl1 + 0.117*Hbb-y + 0.074*Sfpi1 + 0.021*Bmi1 + 0.010*Gata2 + 0.006*Fcgr3 + 0.005*Tcf3 + 0.003*Hlf
topic #3 (0.062): 0.177*Sp1 + 0.160*Flt3 + 0.131*Rag1 + 0.071*Klf1 + 0.065*Sfpi1 + 0.059*Tcf3 + 0.059*Hk3 + 0.050*Kit + 0.047*Cd52 + 0.039*Hlf
topic #5 (0.120): 0.488*Gata2 + 0.113*Zfpm1 + 0.074*Sdpr + 0.050*Kit + 0.044*Mcl1 + 0.039*Fhl1 + 0.035*Itga2b + 0.026*Sfpi1 + 0.021*Ptprc + 0.019*Ikzf1
topic #0 (0.128): 0.506*Kit + 0.157*Mcl1 + 0.080*Mpl + 0.070*Hlf + 0.069*Ptprc + 0.066*Gata2 + 0.014*Slamf1 + 0.010*Ikzf1 + 0.005*Gypa + 0.005*Epor
topic #9 (0.142): 0.310*Mpl + 0.168*Tcf3 + 0.157*Hlf + 0.130*Sfpi1 + 0.090*Gata2 + 0.051*Ly6a + 0.047*Csf3r + 0.011*Hoxb5 + 0.009*Ptprc + 0.007*Notch1
topic diff=0.086472, rho=0.152499
optimized eta [0.17199830766114979, 0.18490064668799314, 0.17970696819761939, 0.19363136076248966, 0.17823504359748249, 0.25539555658166324, 0.14175384302394484, 0.19766579468005394, 0.11858599674250413, 0.16965407160117643]
-3.149 per-word bound, 8.9 perplexity estimate based on a held-out corpus of 1430 documents with 8590 words
PROGRESS: pass 42, at document #1430/1430
optimized alpha [0.12958837800802006, 0.12093322270620842, 0.11789300623033308, 0.062002253883822578, 0.10467026748401258, 0.12181058764045931, 0.075808263027148381, 0.091640097900221276, 0.061143428240006847, 0.14361923625621928]
topic #8 (0.061): 0.424*Vwf + 0.199*Cd52 + 0.127*Mcl1 + 0.117*Hbb-y + 0.072*Sfpi1 + 0.021*Bmi1 + 0.010*Gata2 + 0.006*Fcgr3 + 0.005*Tcf3 + 0.003*Hlf
topic #3 (0.062): 0.179*Sp1 + 0.161*Flt3 + 0.133*Rag1 + 0.072*Klf1 + 0.066*Sfpi1 + 0.060*Hk3 + 0.059*Tcf3 + 0.048*Kit + 0.047*Cd52 + 0.037*Hlf
topic #5 (0.122): 0.492*Gata2 + 0.112*Zfpm1 + 0.074*Sdpr + 0.050*Kit + 0.044*Mcl1 + 0.039*Fhl1 + 0.035*Itga2b + 0.026*Sfpi1 + 0.021*Ptprc + 0.019*Ikzf1
topic #0 (0.130): 0.508*Kit + 0.157*Mcl1 + 0.079*Mpl + 0.070*Hlf + 0.069*Ptprc + 0.065*Gata2 + 0.014*Slamf1 + 0.010*Ikzf1 + 0.005*Gypa + 0.005*Epor
topic #9 (0.144): 0.311*Mpl + 0.168*Tcf3 + 0.157*Hlf + 0.131*Sfpi1 + 0.090*Gata2 + 0.051*Ly6a + 0.046*Csf3r + 0.012*Hoxb5 + 0.009*Ptprc + 0.007*Notch1
topic diff=0.086492, rho=0.150756
optimized eta [0.16851327336407998, 0.18231409066502791, 0.17661673970562156, 0.19067859123583641, 0.17520280282933134, 0.25081228399521732, 0.13989164089193248, 0.19407195518390874, 0.11695588070425689, 0.16681929403111806]
-3.147 per-word bound, 8.9 perplexity estimate based on a held-out corpus of 1430 documents with 8590 words
PROGRESS: pass 43, at document #1430/1430
optimized alpha [0.13133149212252482, 0.12205170146672702, 0.1195751694171443, 0.062236748842614521, 0.10582284735542107, 0.1234782096832089, 0.076080973386800269, 0.092002174455860716, 0.06137774124682125, 0.14557880288468844]
topic #8 (0.061): 0.425*Vwf + 0.201*Cd52 + 0.126*Mcl1 + 0.117*Hbb-y + 0.071*Sfpi1 + 0.021*Bmi1 + 0.009*Gata2 + 0.006*Fcgr3 + 0.005*Tcf3 + 0.003*Hlf
topic #3 (0.062): 0.182*Sp1 + 0.161*Flt3 + 0.135*Rag1 + 0.074*Klf1 + 0.067*Sfpi1 + 0.060*Hk3 + 0.058*Tcf3 + 0.047*Cd52 + 0.046*Kit + 0.035*Hlf
topic #5 (0.123): 0.495*Gata2 + 0.110*Zfpm1 + 0.074*Sdpr + 0.050*Kit + 0.044*Mcl1 + 0.039*Fhl1 + 0.035*Itga2b + 0.026*Sfpi1 + 0.021*Ptprc + 0.019*Ikzf1
topic #0 (0.131): 0.510*Kit + 0.158*Mcl1 + 0.079*Mpl + 0.069*Ptprc + 0.069*Hlf + 0.065*Gata2 + 0.014*Slamf1 + 0.010*Ikzf1 + 0.005*Gypa + 0.005*Epor
topic #9 (0.146): 0.311*Mpl + 0.168*Tcf3 + 0.157*Hlf + 0.132*Sfpi1 + 0.089*Gata2 + 0.051*Ly6a + 0.046*Csf3r + 0.012*Hoxb5 + 0.009*Ptprc + 0.007*Notch1
topic diff=0.086714, rho=0.149071
optimized eta [0.16517286186700011, 0.1798101900338582, 0.17361212596952999, 0.18782205610411612, 0.17226114215509708, 0.24636824708639804, 0.13808732139846985, 0.19060726645827269, 0.11535050316472507, 0.16408373556838959]
-3.145 per-word bound, 8.8 perplexity estimate based on a held-out corpus of 1430 documents with 8590 words
PROGRESS: pass 44, at document #1430/1430
optimized alpha [0.13309363691815862, 0.123161348824707, 0.12125398122925177, 0.062479329489644748, 0.10699502217761664, 0.12521653477028133, 0.076357925895207637, 0.092358639271524892, 0.061614512756340098, 0.14754551644045891]
topic #8 (0.062): 0.425*Vwf + 0.204*Cd52 + 0.126*Mcl1 + 0.117*Hbb-y + 0.070*Sfpi1 + 0.021*Bmi1 + 0.009*Gata2 + 0.006*Fcgr3 + 0.005*Tcf3 + 0.003*Hlf
topic #3 (0.062): 0.185*Sp1 + 0.162*Flt3 + 0.137*Rag1 + 0.075*Klf1 + 0.067*Sfpi1 + 0.061*Hk3 + 0.058*Tcf3 + 0.047*Cd52 + 0.044*Kit + 0.033*Hlf
topic #5 (0.125): 0.498*Gata2 + 0.108*Zfpm1 + 0.075*Sdpr + 0.049*Kit + 0.044*Mcl1 + 0.039*Fhl1 + 0.035*Itga2b + 0.026*Sfpi1 + 0.021*Ptprc + 0.019*Ikzf1
topic #0 (0.133): 0.511*Kit + 0.158*Mcl1 + 0.079*Mpl + 0.069*Ptprc + 0.068*Hlf + 0.065*Gata2 + 0.014*Slamf1 + 0.010*Ikzf1 + 0.005*Gypa + 0.005*Epor
topic #9 (0.148): 0.312*Mpl + 0.168*Tcf3 + 0.158*Hlf + 0.132*Sfpi1 + 0.089*Gata2 + 0.051*Ly6a + 0.046*Csf3r + 0.012*Hoxb5 + 0.009*Ptprc + 0.007*Notch1
topic diff=0.086833, rho=0.147442
optimized eta [0.16197127197826944, 0.17738270940614551, 0.170689326127236, 0.18506004665421213, 0.16940607452659509, 0.24206174894521876, 0.13633753532871071, 0.18726174746003812, 0.11376908911192173, 0.16144415575226637]
-3.144 per-word bound, 8.8 perplexity estimate based on a held-out corpus of 1430 documents with 8590 words
PROGRESS: pass 45, at document #1430/1430
optimized alpha [0.13490369861392246, 0.12433056860673704, 0.12292633965478146, 0.062724300862091076, 0.10817022586840483, 0.12695389294954287, 0.076639655911262788, 0.092710565968418715, 0.061853431282138785, 0.14958675223126347]
topic #8 (0.062): 0.425*Vwf + 0.207*Cd52 + 0.125*Mcl1 + 0.117*Hbb-y + 0.069*Sfpi1 + 0.021*Bmi1 + 0.009*Gata2 + 0.006*Fcgr3 + 0.005*Tcf3 + 0.002*Hlf
topic #3 (0.063): 0.187*Sp1 + 0.163*Flt3 + 0.139*Rag1 + 0.076*Klf1 + 0.068*Sfpi1 + 0.061*Hk3 + 0.057*Tcf3 + 0.046*Cd52 + 0.042*Kit + 0.031*Hlf
topic #5 (0.127): 0.501*Gata2 + 0.106*Zfpm1 + 0.075*Sdpr + 0.049*Kit + 0.044*Mcl1 + 0.039*Fhl1 + 0.034*Itga2b + 0.026*Sfpi1 + 0.020*Ptprc + 0.019*Ikzf1
topic #0 (0.135): 0.513*Kit + 0.158*Mcl1 + 0.079*Mpl + 0.069*Ptprc + 0.068*Hlf + 0.065*Gata2 + 0.014*Slamf1 + 0.010*Ikzf1 + 0.005*Gypa + 0.005*Epor
topic #9 (0.150): 0.312*Mpl + 0.168*Tcf3 + 0.158*Hlf + 0.133*Sfpi1 + 0.088*Gata2 + 0.051*Ly6a + 0.046*Csf3r + 0.012*Hoxb5 + 0.009*Ptprc + 0.007*Notch1
topic diff=0.087012, rho=0.145865
optimized eta [0.15890185491795966, 0.17502810649855788, 0.16783956382083351, 0.1823867803500919, 0.16663331882566831, 0.23788953403618121, 0.13463968991067332, 0.18402728083483577, 0.11221066272316425, 0.1588984117541524]
-3.142 per-word bound, 8.8 perplexity estimate based on a held-out corpus of 1430 documents with 8590 words
PROGRESS: pass 46, at document #1430/1430
optimized alpha [0.13670202317736777, 0.12557899194750133, 0.12459546679817642, 0.062970579686871503, 0.10931322325152916, 0.12873738083443062, 0.076924636552160086, 0.093046149555416305, 0.062106937014104809, 0.15155924376421365]
topic #8 (0.062): 0.425*Vwf + 0.209*Cd52 + 0.125*Mcl1 + 0.117*Hbb-y + 0.069*Sfpi1 + 0.021*Bmi1 + 0.009*Gata2 + 0.006*Fcgr3 + 0.005*Tcf3 + 0.002*Hlf
topic #3 (0.063): 0.189*Sp1 + 0.164*Flt3 + 0.140*Rag1 + 0.077*Klf1 + 0.069*Sfpi1 + 0.061*Hk3 + 0.056*Tcf3 + 0.046*Cd52 + 0.040*Kit + 0.029*Hlf
topic #5 (0.129): 0.504*Gata2 + 0.105*Zfpm1 + 0.075*Sdpr + 0.049*Kit + 0.044*Mcl1 + 0.039*Fhl1 + 0.034*Itga2b + 0.026*Sfpi1 + 0.020*Ptprc + 0.019*Ikzf1
topic #0 (0.137): 0.515*Kit + 0.159*Mcl1 + 0.079*Mpl + 0.069*Ptprc + 0.067*Hlf + 0.064*Gata2 + 0.014*Slamf1 + 0.009*Ikzf1 + 0.005*Gypa + 0.005*Epor
topic #9 (0.152): 0.313*Mpl + 0.168*Tcf3 + 0.158*Hlf + 0.133*Sfpi1 + 0.088*Gata2 + 0.051*Ly6a + 0.046*Csf3r + 0.012*Hoxb5 + 0.009*Ptprc + 0.007*Notch1
topic diff=0.087165, rho=0.144338
optimized eta [0.15595828088998637, 0.17274678142273855, 0.16505968817512456, 0.17979789103962557, 0.16393818724436043, 0.2338499761553898, 0.1329890088414446, 0.18089747496555508, 0.11067516334218983, 0.15644186936578358]
-3.140 per-word bound, 8.8 perplexity estimate based on a held-out corpus of 1430 documents with 8590 words
PROGRESS: pass 47, at document #1430/1430
optimized alpha [0.1385520613100103, 0.12683046107993284, 0.12636727527350083, 0.063225195424356728, 0.11047066845268576, 0.13046447156084723, 0.077214482069310295, 0.093407905622049578, 0.062355880079206616, 0.15359497895685417]
topic #8 (0.062): 0.425*Vwf + 0.211*Cd52 + 0.124*Mcl1 + 0.117*Hbb-y + 0.068*Sfpi1 + 0.021*Bmi1 + 0.008*Gata2 + 0.005*Fcgr3 + 0.005*Tcf3 + 0.002*Hlf
topic #3 (0.063): 0.191*Sp1 + 0.165*Flt3 + 0.142*Rag1 + 0.078*Klf1 + 0.070*Sfpi1 + 0.062*Hk3 + 0.056*Tcf3 + 0.046*Cd52 + 0.038*Kit + 0.027*Cebpa
topic #5 (0.130): 0.508*Gata2 + 0.103*Zfpm1 + 0.075*Sdpr + 0.048*Kit + 0.044*Mcl1 + 0.039*Fhl1 + 0.034*Itga2b + 0.026*Sfpi1 + 0.020*Ptprc + 0.019*Ikzf1
topic #0 (0.139): 0.517*Kit + 0.159*Mcl1 + 0.079*Mpl + 0.069*Ptprc + 0.066*Hlf + 0.064*Gata2 + 0.014*Slamf1 + 0.009*Ikzf1 + 0.005*Gypa + 0.004*Epor
topic #9 (0.154): 0.314*Mpl + 0.168*Tcf3 + 0.158*Hlf + 0.133*Sfpi1 + 0.088*Gata2 + 0.051*Ly6a + 0.046*Csf3r + 0.012*Hoxb5 + 0.009*Ptprc + 0.007*Notch1
topic diff=0.087461, rho=0.142857
optimized eta [0.15313494328539301, 0.17053256512303971, 0.16234814336325026, 0.17728954247971818, 0.16131723457604213, 0.22993302685755351, 0.13138323202715896, 0.17786762225634981, 0.10915801056003366, 0.15407245601061281]
-3.138 per-word bound, 8.8 perplexity estimate based on a held-out corpus of 1430 documents with 8590 words
PROGRESS: pass 48, at document #1430/1430
optimized alpha [0.14041874632913531, 0.1280364741507152, 0.12818410406645608, 0.063487434538598855, 0.11157580909853708, 0.13222857389084236, 0.077507915986696735, 0.093772808874595881, 0.062618858985658596, 0.15567342689788624]
topic #8 (0.063): 0.425*Vwf + 0.214*Cd52 + 0.123*Mcl1 + 0.117*Hbb-y + 0.067*Sfpi1 + 0.021*Bmi1 + 0.008*Gata2 + 0.006*Fcgr3 + 0.005*Tcf3 + 0.002*Hlf
topic #3 (0.063): 0.193*Sp1 + 0.166*Flt3 + 0.143*Rag1 + 0.079*Klf1 + 0.070*Sfpi1 + 0.062*Hk3 + 0.055*Tcf3 + 0.046*Cd52 + 0.036*Kit + 0.027*Cebpa
topic #5 (0.132): 0.511*Gata2 + 0.101*Zfpm1 + 0.075*Sdpr + 0.048*Kit + 0.044*Mcl1 + 0.039*Fhl1 + 0.034*Itga2b + 0.025*Sfpi1 + 0.020*Ptprc + 0.020*Ikzf1
topic #0 (0.140): 0.519*Kit + 0.159*Mcl1 + 0.078*Mpl + 0.069*Ptprc + 0.066*Hlf + 0.064*Gata2 + 0.014*Slamf1 + 0.009*Ikzf1 + 0.005*Gypa + 0.004*Epor
topic #9 (0.156): 0.314*Mpl + 0.168*Tcf3 + 0.158*Hlf + 0.134*Sfpi1 + 0.088*Gata2 + 0.051*Ly6a + 0.045*Csf3r + 0.012*Hoxb5 + 0.009*Ptprc + 0.007*Notch1
topic diff=0.087583, rho=0.141421
optimized eta [0.15042594530049302, 0.16838084591446359, 0.15970340505325789, 0.17485837290802042, 0.15876361995402363, 0.22613779773278345, 0.12982037779593983, 0.17493127006371981, 0.10766275726914876, 0.15178799224346662]
-3.136 per-word bound, 8.8 perplexity estimate based on a held-out corpus of 1430 documents with 8590 words
PROGRESS: pass 49, at document #1430/1430
optimized alpha [0.14236026498651394, 0.12927014187440322, 0.13005326114170163, 0.063751209671022366, 0.11269532677909229, 0.13396080719597223, 0.077804928142808746, 0.094123501975557841, 0.062877411886853377, 0.15770868046708755]
topic #8 (0.063): 0.425*Vwf + 0.216*Cd52 + 0.122*Mcl1 + 0.117*Hbb-y + 0.066*Sfpi1 + 0.021*Bmi1 + 0.008*Gata2 + 0.006*Fcgr3 + 0.005*Tcf3 + 0.002*Hlf
topic #3 (0.064): 0.195*Sp1 + 0.166*Flt3 + 0.145*Rag1 + 0.080*Klf1 + 0.071*Sfpi1 + 0.062*Hk3 + 0.054*Tcf3 + 0.046*Cd52 + 0.034*Kit + 0.027*Cebpa
topic #5 (0.134): 0.514*Gata2 + 0.099*Zfpm1 + 0.075*Sdpr + 0.047*Kit + 0.044*Mcl1 + 0.039*Fhl1 + 0.034*Itga2b + 0.025*Sfpi1 + 0.020*Ptprc + 0.020*Ikzf1
topic #0 (0.142): 0.520*Kit + 0.160*Mcl1 + 0.078*Mpl + 0.069*Ptprc + 0.065*Hlf + 0.064*Gata2 + 0.014*Slamf1 + 0.009*Ikzf1 + 0.005*Gypa + 0.004*Epor
topic #9 (0.158): 0.315*Mpl + 0.168*Tcf3 + 0.159*Hlf + 0.134*Sfpi1 + 0.088*Gata2 + 0.051*Ly6a + 0.045*Csf3r + 0.012*Hoxb5 + 0.009*Ptprc + 0.007*Notch1
topic diff=0.087700, rho=0.140028
optimized eta [0.1478252573166649, 0.16628973840299469, 0.15712398101748365, 0.17250078678246442, 0.15627569371188982, 0.22245773707538238, 0.12829870263976528, 0.17208411806316845, 0.10618859978975212, 0.14958371408256277]
